Log file open, 11/21/19 13:46:12
LogWindows: Failed to load 'aqProf.dll' (GetLastError=126)
LogWindows: File 'aqProf.dll' does not exist
LogWindows: Failed to load 'VtuneApi.dll' (GetLastError=126)
LogWindows: File 'VtuneApi.dll' does not exist
LogWindows: Failed to load 'VtuneApi32e.dll' (GetLastError=126)
LogWindows: File 'VtuneApi32e.dll' does not exist
LogConsoleResponse: Display: Failed to find resolution value strings in scalability ini. Falling back to default.
LogInit: Display: Running engine for game: RuinsSkyFortress
LogPakFile: Registered encryption key '00000000000000000000000000000000': 0 pak files mounted, 0 remain pending
LogPlatformFile: Not using cached read wrapper
LogTaskGraph: Started task graph with 5 named threads and 23 total threads with 3 sets of task threads.
LogStats: Stats thread started at 0.282427
LogD3D11RHI: Loaded GFSDK_Aftermath_Lib.x64.dll
LogICUInternationalization: ICU TimeZone Detection - Raw Offset: -5:00, Platform Override: ''
LogPluginManager: Mounting plugin Paper2D
LogPluginManager: Mounting plugin AISupport
LogPluginManager: Mounting plugin LightPropagationVolume
LogPluginManager: Mounting plugin ActorLayerUtilities
LogPluginManager: Mounting plugin AnimationSharing
LogPluginManager: Mounting plugin CLionSourceCodeAccess
LogPluginManager: Mounting plugin CodeLiteSourceCodeAccess
LogPluginManager: Mounting plugin GitSourceControl
LogPluginManager: Mounting plugin KDevelopSourceCodeAccess
LogPluginManager: Mounting plugin NullSourceCodeAccess
LogPluginManager: Mounting plugin PerforceSourceControl
LogPluginManager: Mounting plugin SubversionSourceControl
LogPluginManager: Mounting plugin UObjectPlugin
LogPluginManager: Mounting plugin VisualStudioCodeSourceCodeAccess
LogPluginManager: Mounting plugin VisualStudioSourceCodeAccess
LogPluginManager: Mounting plugin XCodeSourceCodeAccess
LogPluginManager: Mounting plugin AssetManagerEditor
LogPluginManager: Mounting plugin CryptoKeys
LogPluginManager: Mounting plugin DataValidation
LogPluginManager: Mounting plugin EditorScriptingUtilities
LogPluginManager: Mounting plugin FacialAnimation
LogPluginManager: Mounting plugin GameplayTagsEditor
LogPluginManager: Mounting plugin GLTFImporter
LogPluginManager: Mounting plugin MacGraphicsSwitching
LogPluginManager: Mounting plugin MaterialAnalyzer
LogPluginManager: Mounting plugin MeshEditor
LogPluginManager: Mounting plugin MobileLauncherProfileWizard
LogPluginManager: Mounting plugin PluginBrowser
LogPluginManager: Mounting plugin SpeedTreeImporter
LogPluginManager: Mounting plugin DatasmithContent
LogPluginManager: Mounting plugin VariantManagerContent
LogPluginManager: Mounting plugin AlembicImporter
LogPluginManager: Mounting plugin AppleImageUtils
LogPluginManager: Mounting plugin AppleVision
LogPluginManager: Mounting plugin BackChannel
LogPluginManager: Mounting plugin BlastPlugin
LogPluginManager: Mounting plugin ChaosSolverPlugin
LogPluginManager: Mounting plugin CharacterAI
LogPluginManager: Mounting plugin GeometryCache
LogPluginManager: Mounting plugin GeometryCollectionPlugin
LogPluginManager: Mounting plugin HTML5Networking
LogPluginManager: Mounting plugin ProxyLODPlugin
LogPluginManager: Mounting plugin SkeletalReduction
LogPluginManager: Mounting plugin MagicLeap
LogPluginManager: Mounting plugin MagicLeapMedia
LogPluginManager: Mounting plugin AndroidMedia
LogPluginManager: Mounting plugin AvfMedia
LogPluginManager: Mounting plugin ImgMedia
LogPluginManager: Mounting plugin LinearTimecode
LogPluginManager: Mounting plugin MediaCompositing
LogPluginManager: Mounting plugin MediaPlayerEditor
LogPluginManager: Mounting plugin WebMMedia
LogPluginManager: Mounting plugin WmfMedia
LogPluginManager: Mounting plugin TcpMessaging
LogPluginManager: Mounting plugin UdpMessaging
LogPluginManager: Mounting plugin ActorSequence
LogPluginManager: Mounting plugin LevelSequenceEditor
LogPluginManager: Mounting plugin MatineeToLevelSequence
LogPluginManager: Mounting plugin NetcodeUnitTest
LogPluginManager: Mounting plugin NUTUnrealEngine4
LogPluginManager: Mounting plugin OnlineSubsystemGooglePlay
LogPluginManager: Mounting plugin OnlineSubsystemIOS
LogPluginManager: Mounting plugin OnlineSubsystem
LogPluginManager: Mounting plugin OnlineSubsystemNull
LogPluginManager: Mounting plugin OnlineSubsystemUtils
LogPluginManager: Mounting plugin LauncherChunkInstaller
LogPluginManager: Mounting plugin AndroidDeviceProfileSelector
LogPluginManager: Mounting plugin AndroidMoviePlayer
LogPluginManager: Mounting plugin AndroidPermission
LogPluginManager: Mounting plugin AppleMoviePlayer
LogPluginManager: Mounting plugin ArchVisCharacter
LogPluginManager: Mounting plugin AudioCapture
LogPluginManager: Mounting plugin CableComponent
LogPluginManager: Mounting plugin CustomMeshComponent
LogPluginManager: Mounting plugin EditableMesh
LogPluginManager: Mounting plugin ExampleDeviceProfileSelector
LogPluginManager: Mounting plugin Firebase
LogPluginManager: Mounting plugin GoogleCloudMessaging
LogPluginManager: Mounting plugin IOSDeviceProfileSelector
LogPluginManager: Mounting plugin LinuxDeviceProfileSelector
LogPluginManager: Mounting plugin LocationServicesBPLibrary
LogPluginManager: Mounting plugin MobilePatchingUtils
LogPluginManager: Mounting plugin OculusVR
LogPluginManager: Mounting plugin PhysXVehicles
LogPluginManager: Mounting plugin ProceduralMeshComponent
LogPluginManager: Mounting plugin RuntimePhysXCooking
LogPluginManager: Mounting plugin SignificanceManager
LogPluginManager: Mounting plugin SteamVR
LogPluginManager: Mounting plugin WebMMoviePlayer
LogPluginManager: Mounting plugin WindowsMoviePlayer
LogPluginManager: Mounting plugin DatasmithCADImporter
LogPluginManager: Mounting plugin DatasmithDataPrepEditor
LogPluginManager: Mounting plugin DatasmithFBXImporter
LogPluginManager: Mounting plugin DatasmithGLTFImporter
LogPluginManager: Mounting plugin DatasmithImporter
LogPluginManager: Mounting plugin MDLImporter
LogPluginManager: Mounting plugin StaticMeshEditorExtension
LogPluginManager: Mounting plugin VariantManager
LogInit: Using libcurl 7.55.1-DEV
LogInit:  - built for x86_64-pc-win32
LogInit:  - supports SSL with OpenSSL/1.1.1
LogInit:  - supports HTTP deflate (compression) using libz 1.2.8
LogInit:  - other features:
LogInit:      CURL_VERSION_SSL
LogInit:      CURL_VERSION_LIBZ
LogInit:      CURL_VERSION_IPV6
LogInit:      CURL_VERSION_ASYNCHDNS
LogInit:      CURL_VERSION_LARGEFILE
LogInit:      CURL_VERSION_IDN
LogInit:  CurlRequestOptions (configurable via config and command line):
LogInit:  - bVerifyPeer = true  - Libcurl will verify peer certificate
LogInit:  - bUseHttpProxy = false  - Libcurl will NOT use HTTP proxy
LogInit:  - bDontReuseConnections = false  - Libcurl will reuse connections
LogInit:  - MaxHostConnections = 16  - Libcurl will limit the number of connections to a host
LogInit:  - LocalHostAddr = Default
LogInit:  - BufferSize = 65536
LogInit: WinSock: version 1.1 (2.2), MaxSocks=32767, MaxUdp=65467
LogInit: Build: ++UE4+Release-4.22-CL-7053642
LogInit: Engine Version: 4.22.3-7053642+++UE4+Release-4.22
LogInit: Compatible Engine Version: 4.22.0-5660361+++UE4+Release-4.22
LogInit: Net CL: 5660361
LogInit: OS: Windows 10 (Release 1903) (), CPU: Intel(R) Core(TM) i7-6700K CPU @ 4.00GHz, GPU: NVIDIA GeForce GTX 1070
LogInit: Compiled (64-bit): Jun 18 2019 03:09:11
LogInit: Compiled with Visual C++: 19.16.27025.01
LogInit: Build Configuration: Development
LogInit: Branch Name: ++UE4+Release-4.22
LogInit: Command Line:  -EpicPortal -epicusername=EmCacc -epicuserid=75e14935b7004bbba43a64c5e5f6fa5a -epiclocale=en-US
LogInit: Base Directory: D:/Unreal/UE_4.22/Engine/Binaries/Win64/
LogInit: Installed Engine Build: 1
LogDevObjectVersion: Number of dev versions registered: 23
LogDevObjectVersion:   Dev-Blueprints (B0D832E4-1F89-4F0D-ACCF-7EB736FD4AA2): 10
LogDevObjectVersion:   Dev-Build (E1C64328-A22C-4D53-A36C-8E866417BD8C): 0
LogDevObjectVersion:   Dev-Core (375EC13C-06E4-48FB-B500-84F0262A717E): 3
LogDevObjectVersion:   Dev-Editor (E4B068ED-F494-42E9-A231-DA0B2E46BB41): 30
LogDevObjectVersion:   Dev-Framework (CFFC743F-43B0-4480-9391-14DF171D2073): 35
LogDevObjectVersion:   Dev-Mobile (B02B49B5-BB20-44E9-A304-32B752E40360): 2
LogDevObjectVersion:   Dev-Networking (A4E4105C-59A1-49B5-A7C5-40C4547EDFEE): 0
LogDevObjectVersion:   Dev-Online (39C831C9-5AE6-47DC-9A44-9C173E1C8E7C): 0
LogDevObjectVersion:   Dev-Physics (78F01B33-EBEA-4F98-B9B4-84EACCB95AA2): 0
LogDevObjectVersion:   Dev-Platform (6631380F-2D4D-43E0-8009-CF276956A95A): 0
LogDevObjectVersion:   Dev-Rendering (12F88B9F-8875-4AFC-A67C-D90C383ABD29): 28
LogDevObjectVersion:   Dev-Sequencer (7B5AE74C-D270-4C10-A958-57980B212A5A): 11
LogDevObjectVersion:   Dev-VR (D7296918-1DD6-4BDD-9DE2-64A83CC13884): 2
LogDevObjectVersion:   Dev-LoadTimes (C2A15278-BFE7-4AFE-6C17-90FF531DF755): 1
LogDevObjectVersion:   Private-Geometry (6EACA3D4-40EC-4CC1-B786-8BED09428FC5): 3
LogDevObjectVersion:   Dev-AnimPhys (29E575DD-E0A3-4627-9D10-D276232CDCEA): 17
LogDevObjectVersion:   Dev-Anim (AF43A65D-7FD3-4947-9873-3E8ED9C1BB05): 2
LogDevObjectVersion:   Dev-ReflectionCapture (6B266CEC-1EC7-4B8F-A30B-E4D90942FC07): 1
LogDevObjectVersion:   Dev-Automation (0DF73D61-A23F-47EA-B727-89E90C41499A): 1
LogDevObjectVersion:   FortniteMain (601D1886-AC64-4F84-AA16-D3DE0DEAC7D6): 25
LogDevObjectVersion:   Dev-Enterprise (9DFFBCD6-494F-0158-E221-12823C92A888): 6
LogDevObjectVersion:   Dev-Niagara (F2AED0AC-9AFE-416F-8664-AA7FFA26D6FC): 1
LogDevObjectVersion:   Dev-Destruction (174F1F0B-B4C6-45A5-B13F-2EE8D0FB917D): 2
LogInit: Presizing for max 16777216 objects, including 0 objects not considered by GC, pre-allocating 0 bytes for permanent pool.
LogInit: Object subsystem initialized
LogConfig: Setting CVar [[con.DebugEarlyDefault:1]]
LogConfig: Setting CVar [[r.setres:1280x720]]
[2019.11.21-18.46.12:606][  0]LogConfig: Setting CVar [[r.VSync:0]]
[2019.11.21-18.46.12:606][  0]LogConfig: Setting CVar [[r.RHICmdBypass:0]]
[2019.11.21-18.46.12:606][  0]LogConfig: Applying CVar settings from Section [/Script/Engine.RendererSettings] File [C:/Users/Ema/Documents/GitHub/DAGD300_RuinsSkyFortress/RuinsSkyFortress/Saved/Config/Windows/Engine.ini]
[2019.11.21-18.46.12:606][  0]LogConfig: Setting CVar [[r.GPUCrashDebugging:0]]
[2019.11.21-18.46.12:606][  0]LogConfig: Applying CVar settings from Section [/Script/Engine.RendererOverrideSettings] File [C:/Users/Ema/Documents/GitHub/DAGD300_RuinsSkyFortress/RuinsSkyFortress/Saved/Config/Windows/Engine.ini]
[2019.11.21-18.46.12:606][  0]LogConfig: Applying CVar settings from Section [/Script/Engine.StreamingSettings] File [C:/Users/Ema/Documents/GitHub/DAGD300_RuinsSkyFortress/RuinsSkyFortress/Saved/Config/Windows/Engine.ini]
[2019.11.21-18.46.12:606][  0]LogConfig: Setting CVar [[s.MinBulkDataSizeForAsyncLoading:131072]]
[2019.11.21-18.46.12:606][  0]LogConfig: Setting CVar [[s.AsyncLoadingThreadEnabled:0]]
[2019.11.21-18.46.12:606][  0]LogConfig: Setting CVar [[s.EventDrivenLoaderEnabled:1]]
[2019.11.21-18.46.12:606][  0]LogConfig: Setting CVar [[s.WarnIfTimeLimitExceeded:0]]
[2019.11.21-18.46.12:606][  0]LogConfig: Setting CVar [[s.TimeLimitExceededMultiplier:1.5]]
[2019.11.21-18.46.12:606][  0]LogConfig: Setting CVar [[s.TimeLimitExceededMinTime:0.005]]
[2019.11.21-18.46.12:606][  0]LogConfig: Setting CVar [[s.UseBackgroundLevelStreaming:1]]
[2019.11.21-18.46.12:606][  0]LogConfig: Setting CVar [[s.PriorityAsyncLoadingExtraTime:15.0]]
[2019.11.21-18.46.12:606][  0]LogConfig: Setting CVar [[s.LevelStreamingActorsUpdateTimeLimit:5.0]]
[2019.11.21-18.46.12:606][  0]LogConfig: Setting CVar [[s.PriorityLevelStreamingActorsUpdateExtraTime:5.0]]
[2019.11.21-18.46.12:606][  0]LogConfig: Setting CVar [[s.LevelStreamingComponentsRegistrationGranularity:10]]
[2019.11.21-18.46.12:606][  0]LogConfig: Setting CVar [[s.UnregisterComponentsTimeLimit:1.0]]
[2019.11.21-18.46.12:607][  0]LogConfig: Setting CVar [[s.LevelStreamingComponentsUnregistrationGranularity:5]]
[2019.11.21-18.46.12:607][  0]LogConfig: Applying CVar settings from Section [/Script/Engine.GarbageCollectionSettings] File [C:/Users/Ema/Documents/GitHub/DAGD300_RuinsSkyFortress/RuinsSkyFortress/Saved/Config/Windows/Engine.ini]
[2019.11.21-18.46.12:607][  0]LogConfig: Setting CVar [[gc.MaxObjectsNotConsideredByGC:1]]
[2019.11.21-18.46.12:607][  0]LogConfig: Setting CVar [[gc.SizeOfPermanentObjectPool:0]]
[2019.11.21-18.46.12:607][  0]LogConfig: Setting CVar [[gc.FlushStreamingOnGC:0]]
[2019.11.21-18.46.12:607][  0]LogConfig: Setting CVar [[gc.NumRetriesBeforeForcingGC:10]]
[2019.11.21-18.46.12:607][  0]LogConfig: Setting CVar [[gc.AllowParallelGC:1]]
[2019.11.21-18.46.12:607][  0]LogConfig: Setting CVar [[gc.TimeBetweenPurgingPendingKillObjects:61.1]]
[2019.11.21-18.46.12:607][  0]LogConfig: Setting CVar [[gc.MaxObjectsInEditor:16777216]]
[2019.11.21-18.46.12:607][  0]LogConfig: Setting CVar [[gc.IncrementalBeginDestroyEnabled:1]]
[2019.11.21-18.46.12:607][  0]LogConfig: Setting CVar [[gc.CreateGCClusters:1]]
[2019.11.21-18.46.12:607][  0]LogConfig: Setting CVar [[gc.MinGCClusterSize:5]]
[2019.11.21-18.46.12:607][  0]LogConfig: Setting CVar [[gc.ActorClusteringEnabled:0]]
[2019.11.21-18.46.12:607][  0]LogConfig: Setting CVar [[gc.BlueprintClusteringEnabled:0]]
[2019.11.21-18.46.12:607][  0]LogConfig: Setting CVar [[gc.UseDisregardForGCOnDedicatedServers:0]]
[2019.11.21-18.46.12:607][  0]LogConfig: Applying CVar settings from Section [/Script/Engine.NetworkSettings] File [C:/Users/Ema/Documents/GitHub/DAGD300_RuinsSkyFortress/RuinsSkyFortress/Saved/Config/Windows/Engine.ini]
[2019.11.21-18.46.12:607][  0]LogConfig: Applying CVar settings from Section [/Script/UnrealEd.CookerSettings] File [C:/Users/Ema/Documents/GitHub/DAGD300_RuinsSkyFortress/RuinsSkyFortress/Saved/Config/Windows/Engine.ini]
[2019.11.21-18.46.12:611][  0]LogConfig: Applying CVar settings from Section [ViewDistanceQuality@3] File [C:/Users/Ema/Documents/GitHub/DAGD300_RuinsSkyFortress/RuinsSkyFortress/Saved/Config/Windows/Scalability.ini]
[2019.11.21-18.46.12:611][  0]LogConfig: Setting CVar [[r.SkeletalMeshLODBias:0]]
[2019.11.21-18.46.12:611][  0]LogConfig: Setting CVar [[r.ViewDistanceScale:1.0]]
[2019.11.21-18.46.12:611][  0]LogConfig: Applying CVar settings from Section [AntiAliasingQuality@3] File [C:/Users/Ema/Documents/GitHub/DAGD300_RuinsSkyFortress/RuinsSkyFortress/Saved/Config/Windows/Scalability.ini]
[2019.11.21-18.46.12:611][  0]LogConfig: Setting CVar [[r.PostProcessAAQuality:4]]
[2019.11.21-18.46.12:611][  0]LogConfig: Applying CVar settings from Section [ShadowQuality@3] File [C:/Users/Ema/Documents/GitHub/DAGD300_RuinsSkyFortress/RuinsSkyFortress/Saved/Config/Windows/Scalability.ini]
[2019.11.21-18.46.12:611][  0]LogConfig: Setting CVar [[r.LightFunctionQuality:1]]
[2019.11.21-18.46.12:611][  0]LogConfig: Setting CVar [[r.ShadowQuality:5]]
[2019.11.21-18.46.12:611][  0]LogConfig: Setting CVar [[r.Shadow.CSM.MaxCascades:10]]
[2019.11.21-18.46.12:611][  0]LogConfig: Setting CVar [[r.Shadow.MaxResolution:2048]]
[2019.11.21-18.46.12:611][  0]LogConfig: Setting CVar [[r.Shadow.MaxCSMResolution:2048]]
[2019.11.21-18.46.12:611][  0]LogConfig: Setting CVar [[r.Shadow.RadiusThreshold:0.01]]
[2019.11.21-18.46.12:611][  0]LogConfig: Setting CVar [[r.Shadow.DistanceScale:1.0]]
[2019.11.21-18.46.12:611][  0]LogConfig: Setting CVar [[r.Shadow.CSM.TransitionScale:1.0]]
[2019.11.21-18.46.12:611][  0]LogConfig: Setting CVar [[r.Shadow.PreShadowResolutionFactor:1.0]]
[2019.11.21-18.46.12:611][  0]LogConfig: Setting CVar [[r.DistanceFieldShadowing:1]]
[2019.11.21-18.46.12:611][  0]LogConfig: Setting CVar [[r.DistanceFieldAO:1]]
[2019.11.21-18.46.12:611][  0]LogConfig: Setting CVar [[r.AOQuality:2]]
[2019.11.21-18.46.12:611][  0]LogConfig: Setting CVar [[r.VolumetricFog:1]]
[2019.11.21-18.46.12:611][  0]LogConfig: Setting CVar [[r.VolumetricFog.GridPixelSize:8]]
[2019.11.21-18.46.12:611][  0]LogConfig: Setting CVar [[r.VolumetricFog.GridSizeZ:128]]
[2019.11.21-18.46.12:611][  0]LogConfig: Setting CVar [[r.VolumetricFog.HistoryMissSupersampleCount:4]]
[2019.11.21-18.46.12:611][  0]LogConfig: Setting CVar [[r.LightMaxDrawDistanceScale:1]]
[2019.11.21-18.46.12:611][  0]LogConfig: Setting CVar [[r.CapsuleShadows:1]]
[2019.11.21-18.46.12:611][  0]LogConfig: Applying CVar settings from Section [PostProcessQuality@3] File [C:/Users/Ema/Documents/GitHub/DAGD300_RuinsSkyFortress/RuinsSkyFortress/Saved/Config/Windows/Scalability.ini]
[2019.11.21-18.46.12:611][  0]LogConfig: Setting CVar [[r.MotionBlurQuality:4]]
[2019.11.21-18.46.12:611][  0]LogConfig: Setting CVar [[r.AmbientOcclusionMipLevelFactor:0.4]]
[2019.11.21-18.46.12:611][  0]LogConfig: Setting CVar [[r.AmbientOcclusionMaxQuality:100]]
[2019.11.21-18.46.12:611][  0]LogConfig: Setting CVar [[r.AmbientOcclusionLevels:-1]]
[2019.11.21-18.46.12:611][  0]LogConfig: Setting CVar [[r.AmbientOcclusionRadiusScale:1.0]]
[2019.11.21-18.46.12:611][  0]LogConfig: Setting CVar [[r.DepthOfFieldQuality:2]]
[2019.11.21-18.46.12:611][  0]LogConfig: Setting CVar [[r.RenderTargetPoolMin:400]]
[2019.11.21-18.46.12:611][  0]LogConfig: Setting CVar [[r.LensFlareQuality:2]]
[2019.11.21-18.46.12:611][  0]LogConfig: Setting CVar [[r.SceneColorFringeQuality:1]]
[2019.11.21-18.46.12:611][  0]LogConfig: Setting CVar [[r.EyeAdaptationQuality:2]]
[2019.11.21-18.46.12:611][  0]LogConfig: Setting CVar [[r.BloomQuality:5]]
[2019.11.21-18.46.12:611][  0]LogConfig: Setting CVar [[r.FastBlurThreshold:100]]
[2019.11.21-18.46.12:611][  0]LogConfig: Setting CVar [[r.Upscale.Quality:3]]
[2019.11.21-18.46.12:611][  0]LogConfig: Setting CVar [[r.Tonemapper.GrainQuantization:1]]
[2019.11.21-18.46.12:611][  0]LogConfig: Setting CVar [[r.LightShaftQuality:1]]
[2019.11.21-18.46.12:611][  0]LogConfig: Setting CVar [[r.Filter.SizeScale:1]]
[2019.11.21-18.46.12:611][  0]LogConfig: Setting CVar [[r.Tonemapper.Quality:5]]
[2019.11.21-18.46.12:611][  0]LogConfig: Setting CVar [[r.DOF.Gather.AccumulatorQuality:1        ; higher gathering accumulator quality]]
[2019.11.21-18.46.12:611][  0]LogConfig: Setting CVar [[r.DOF.Gather.PostfilterMethod:1          ; Median3x3 postfilering method]]
[2019.11.21-18.46.12:611][  0]LogConfig: Setting CVar [[r.DOF.Gather.EnableBokehSettings:0       ; no bokeh simulation when gathering]]
[2019.11.21-18.46.12:611][  0]LogConfig: Setting CVar [[r.DOF.Gather.RingCount:4                 ; medium number of samples when gathering]]
[2019.11.21-18.46.12:611][  0]LogConfig: Setting CVar [[r.DOF.Scatter.ForegroundCompositing:1    ; additive foreground scattering]]
[2019.11.21-18.46.12:611][  0]LogConfig: Setting CVar [[r.DOF.Scatter.BackgroundCompositing:2    ; additive background scattering]]
[2019.11.21-18.46.12:611][  0]LogConfig: Setting CVar [[r.DOF.Scatter.EnableBokehSettings:1      ; bokeh simulation when scattering]]
[2019.11.21-18.46.12:611][  0]LogConfig: Setting CVar [[r.DOF.Scatter.MaxSpriteRatio:0.1         ; only a maximum of 10% of scattered bokeh]]
[2019.11.21-18.46.12:611][  0]LogConfig: Setting CVar [[r.DOF.Recombine.Quality:1                ; cheap slight out of focus]]
[2019.11.21-18.46.12:611][  0]LogConfig: Setting CVar [[r.DOF.Recombine.EnableBokehSettings:0    ; no bokeh simulation on slight out of focus]]
[2019.11.21-18.46.12:611][  0]LogConfig: Setting CVar [[r.DOF.TemporalAAQuality:1                ; more stable temporal accumulation]]
[2019.11.21-18.46.12:611][  0]LogConfig: Setting CVar [[r.DOF.Kernel.MaxForegroundRadius:0.025]]
[2019.11.21-18.46.12:611][  0]LogConfig: Setting CVar [[r.DOF.Kernel.MaxBackgroundRadius:0.025]]
[2019.11.21-18.46.12:611][  0]LogConfig: Applying CVar settings from Section [TextureQuality@3] File [C:/Users/Ema/Documents/GitHub/DAGD300_RuinsSkyFortress/RuinsSkyFortress/Saved/Config/Windows/Scalability.ini]
[2019.11.21-18.46.12:611][  0]LogConfig: Setting CVar [[r.Streaming.MipBias:0]]
[2019.11.21-18.46.12:612][  0]LogConfig: Setting CVar [[r.Streaming.AmortizeCPUToGPUCopy:0]]
[2019.11.21-18.46.12:612][  0]LogConfig: Setting CVar [[r.Streaming.MaxNumTexturesToStreamPerFrame:0]]
[2019.11.21-18.46.12:612][  0]LogConfig: Setting CVar [[r.Streaming.Boost:1]]
[2019.11.21-18.46.12:612][  0]LogConfig: Setting CVar [[r.MaxAnisotropy:8]]
[2019.11.21-18.46.12:612][  0]LogConfig: Setting CVar [[r.Streaming.LimitPoolSizeToVRAM:0]]
[2019.11.21-18.46.12:612][  0]LogConfig: Setting CVar [[r.Streaming.PoolSize:1000]]
[2019.11.21-18.46.12:612][  0]LogConfig: Setting CVar [[r.Streaming.MaxEffectiveScreenSize:0]]
[2019.11.21-18.46.12:612][  0]LogConfig: Applying CVar settings from Section [EffectsQuality@3] File [C:/Users/Ema/Documents/GitHub/DAGD300_RuinsSkyFortress/RuinsSkyFortress/Saved/Config/Windows/Scalability.ini]
[2019.11.21-18.46.12:612][  0]LogConfig: Setting CVar [[r.TranslucencyLightingVolumeDim:64]]
[2019.11.21-18.46.12:612][  0]LogConfig: Setting CVar [[r.RefractionQuality:2]]
[2019.11.21-18.46.12:612][  0]LogConfig: Setting CVar [[r.SSR.Quality:3]]
[2019.11.21-18.46.12:612][  0]LogConfig: Setting CVar [[r.SceneColorFormat:4]]
[2019.11.21-18.46.12:612][  0]LogConfig: Setting CVar [[r.DetailMode:2]]
[2019.11.21-18.46.12:612][  0]LogConfig: Setting CVar [[r.TranslucencyVolumeBlur:1]]
[2019.11.21-18.46.12:612][  0]LogConfig: Setting CVar [[r.MaterialQualityLevel:1 ; High quality]]
[2019.11.21-18.46.12:612][  0]LogConfig: Setting CVar [[r.SSS.Scale:1]]
[2019.11.21-18.46.12:612][  0]LogConfig: Setting CVar [[r.SSS.SampleSet:2]]
[2019.11.21-18.46.12:612][  0]LogConfig: Setting CVar [[r.SSS.Quality:1]]
[2019.11.21-18.46.12:612][  0]LogConfig: Setting CVar [[r.SSS.HalfRes:1]]
[2019.11.21-18.46.12:612][  0]LogConfig: Setting CVar [[r.EmitterSpawnRateScale:1.0]]
[2019.11.21-18.46.12:612][  0]LogConfig: Setting CVar [[r.ParticleLightQuality:2]]
[2019.11.21-18.46.12:612][  0]LogConfig: Applying CVar settings from Section [FoliageQuality@3] File [C:/Users/Ema/Documents/GitHub/DAGD300_RuinsSkyFortress/RuinsSkyFortress/Saved/Config/Windows/Scalability.ini]
[2019.11.21-18.46.12:612][  0]LogConfig: Setting CVar [[foliage.DensityScale:1.0]]
[2019.11.21-18.46.12:612][  0]LogConfig: Setting CVar [[grass.DensityScale:1.0]]
[2019.11.21-18.46.12:612][  0]LogInit: Selected Device Profile: [Windows]
[2019.11.21-18.46.12:612][  0]LogInit: Applying CVar settings loaded from the selected device profile: [Windows]
[2019.11.21-18.46.12:617][  0]LogHAL: Display: Platform has ~ 32 GB [34305445888 / 34359738368 / 32], which maps to Largest [LargestMinGB=32, LargerMinGB=12, DefaultMinGB=8, SmallerMinGB=6, SmallestMinGB=0)
[2019.11.21-18.46.12:617][  0]LogConfig: Setting CVar [[r.Vulkan.UseRealUBs:0		; Required until we fix HLR fall-out]]
[2019.11.21-18.46.12:617][  0]LogInit: Going up to parent DeviceProfile []
[2019.11.21-18.46.12:617][  0]LogConfig: Applying CVar settings from Section [ViewDistanceQuality@3] File [C:/Users/Ema/Documents/GitHub/DAGD300_RuinsSkyFortress/RuinsSkyFortress/Saved/Config/Windows/Scalability.ini]
[2019.11.21-18.46.12:617][  0]LogConfig: Setting CVar [[r.SkeletalMeshLODBias:0]]
[2019.11.21-18.46.12:617][  0]LogConfig: Setting CVar [[r.ViewDistanceScale:1.0]]
[2019.11.21-18.46.12:617][  0]LogConfig: Applying CVar settings from Section [AntiAliasingQuality@3] File [C:/Users/Ema/Documents/GitHub/DAGD300_RuinsSkyFortress/RuinsSkyFortress/Saved/Config/Windows/Scalability.ini]
[2019.11.21-18.46.12:617][  0]LogConfig: Setting CVar [[r.PostProcessAAQuality:4]]
[2019.11.21-18.46.12:617][  0]LogConfig: Applying CVar settings from Section [ShadowQuality@3] File [C:/Users/Ema/Documents/GitHub/DAGD300_RuinsSkyFortress/RuinsSkyFortress/Saved/Config/Windows/Scalability.ini]
[2019.11.21-18.46.12:617][  0]LogConfig: Setting CVar [[r.LightFunctionQuality:1]]
[2019.11.21-18.46.12:617][  0]LogConfig: Setting CVar [[r.ShadowQuality:5]]
[2019.11.21-18.46.12:617][  0]LogConfig: Setting CVar [[r.Shadow.CSM.MaxCascades:10]]
[2019.11.21-18.46.12:617][  0]LogConfig: Setting CVar [[r.Shadow.MaxResolution:2048]]
[2019.11.21-18.46.12:617][  0]LogConfig: Setting CVar [[r.Shadow.MaxCSMResolution:2048]]
[2019.11.21-18.46.12:617][  0]LogConfig: Setting CVar [[r.Shadow.RadiusThreshold:0.01]]
[2019.11.21-18.46.12:617][  0]LogConfig: Setting CVar [[r.Shadow.DistanceScale:1.0]]
[2019.11.21-18.46.12:617][  0]LogConfig: Setting CVar [[r.Shadow.CSM.TransitionScale:1.0]]
[2019.11.21-18.46.12:617][  0]LogConfig: Setting CVar [[r.Shadow.PreShadowResolutionFactor:1.0]]
[2019.11.21-18.46.12:617][  0]LogConfig: Setting CVar [[r.DistanceFieldShadowing:1]]
[2019.11.21-18.46.12:617][  0]LogConfig: Setting CVar [[r.DistanceFieldAO:1]]
[2019.11.21-18.46.12:617][  0]LogConfig: Setting CVar [[r.AOQuality:2]]
[2019.11.21-18.46.12:617][  0]LogConfig: Setting CVar [[r.VolumetricFog:1]]
[2019.11.21-18.46.12:617][  0]LogConfig: Setting CVar [[r.VolumetricFog.GridPixelSize:8]]
[2019.11.21-18.46.12:617][  0]LogConfig: Setting CVar [[r.VolumetricFog.GridSizeZ:128]]
[2019.11.21-18.46.12:617][  0]LogConfig: Setting CVar [[r.VolumetricFog.HistoryMissSupersampleCount:4]]
[2019.11.21-18.46.12:617][  0]LogConfig: Setting CVar [[r.LightMaxDrawDistanceScale:1]]
[2019.11.21-18.46.12:617][  0]LogConfig: Setting CVar [[r.CapsuleShadows:1]]
[2019.11.21-18.46.12:617][  0]LogConfig: Applying CVar settings from Section [PostProcessQuality@3] File [C:/Users/Ema/Documents/GitHub/DAGD300_RuinsSkyFortress/RuinsSkyFortress/Saved/Config/Windows/Scalability.ini]
[2019.11.21-18.46.12:617][  0]LogConfig: Setting CVar [[r.MotionBlurQuality:4]]
[2019.11.21-18.46.12:617][  0]LogConfig: Setting CVar [[r.AmbientOcclusionMipLevelFactor:0.4]]
[2019.11.21-18.46.12:617][  0]LogConfig: Setting CVar [[r.AmbientOcclusionMaxQuality:100]]
[2019.11.21-18.46.12:618][  0]LogConfig: Setting CVar [[r.AmbientOcclusionLevels:-1]]
[2019.11.21-18.46.12:618][  0]LogConfig: Setting CVar [[r.AmbientOcclusionRadiusScale:1.0]]
[2019.11.21-18.46.12:618][  0]LogConfig: Setting CVar [[r.DepthOfFieldQuality:2]]
[2019.11.21-18.46.12:618][  0]LogConfig: Setting CVar [[r.RenderTargetPoolMin:400]]
[2019.11.21-18.46.12:618][  0]LogConfig: Setting CVar [[r.LensFlareQuality:2]]
[2019.11.21-18.46.12:618][  0]LogConfig: Setting CVar [[r.SceneColorFringeQuality:1]]
[2019.11.21-18.46.12:618][  0]LogConfig: Setting CVar [[r.EyeAdaptationQuality:2]]
[2019.11.21-18.46.12:618][  0]LogConfig: Setting CVar [[r.BloomQuality:5]]
[2019.11.21-18.46.12:618][  0]LogConfig: Setting CVar [[r.FastBlurThreshold:100]]
[2019.11.21-18.46.12:618][  0]LogConfig: Setting CVar [[r.Upscale.Quality:3]]
[2019.11.21-18.46.12:618][  0]LogConfig: Setting CVar [[r.Tonemapper.GrainQuantization:1]]
[2019.11.21-18.46.12:618][  0]LogConfig: Setting CVar [[r.LightShaftQuality:1]]
[2019.11.21-18.46.12:618][  0]LogConfig: Setting CVar [[r.Filter.SizeScale:1]]
[2019.11.21-18.46.12:618][  0]LogConfig: Setting CVar [[r.Tonemapper.Quality:5]]
[2019.11.21-18.46.12:618][  0]LogConfig: Setting CVar [[r.DOF.Gather.AccumulatorQuality:1        ; higher gathering accumulator quality]]
[2019.11.21-18.46.12:618][  0]LogConfig: Setting CVar [[r.DOF.Gather.PostfilterMethod:1          ; Median3x3 postfilering method]]
[2019.11.21-18.46.12:618][  0]LogConfig: Setting CVar [[r.DOF.Gather.EnableBokehSettings:0       ; no bokeh simulation when gathering]]
[2019.11.21-18.46.12:618][  0]LogConfig: Setting CVar [[r.DOF.Gather.RingCount:4                 ; medium number of samples when gathering]]
[2019.11.21-18.46.12:618][  0]LogConfig: Setting CVar [[r.DOF.Scatter.ForegroundCompositing:1    ; additive foreground scattering]]
[2019.11.21-18.46.12:618][  0]LogConfig: Setting CVar [[r.DOF.Scatter.BackgroundCompositing:2    ; additive background scattering]]
[2019.11.21-18.46.12:618][  0]LogConfig: Setting CVar [[r.DOF.Scatter.EnableBokehSettings:1      ; bokeh simulation when scattering]]
[2019.11.21-18.46.12:618][  0]LogConfig: Setting CVar [[r.DOF.Scatter.MaxSpriteRatio:0.1         ; only a maximum of 10% of scattered bokeh]]
[2019.11.21-18.46.12:618][  0]LogConfig: Setting CVar [[r.DOF.Recombine.Quality:1                ; cheap slight out of focus]]
[2019.11.21-18.46.12:618][  0]LogConfig: Setting CVar [[r.DOF.Recombine.EnableBokehSettings:0    ; no bokeh simulation on slight out of focus]]
[2019.11.21-18.46.12:618][  0]LogConfig: Setting CVar [[r.DOF.TemporalAAQuality:1                ; more stable temporal accumulation]]
[2019.11.21-18.46.12:618][  0]LogConfig: Setting CVar [[r.DOF.Kernel.MaxForegroundRadius:0.025]]
[2019.11.21-18.46.12:618][  0]LogConfig: Setting CVar [[r.DOF.Kernel.MaxBackgroundRadius:0.025]]
[2019.11.21-18.46.12:618][  0]LogConfig: Applying CVar settings from Section [TextureQuality@3] File [C:/Users/Ema/Documents/GitHub/DAGD300_RuinsSkyFortress/RuinsSkyFortress/Saved/Config/Windows/Scalability.ini]
[2019.11.21-18.46.12:618][  0]LogConfig: Setting CVar [[r.Streaming.MipBias:0]]
[2019.11.21-18.46.12:618][  0]LogConfig: Setting CVar [[r.Streaming.AmortizeCPUToGPUCopy:0]]
[2019.11.21-18.46.12:618][  0]LogConfig: Setting CVar [[r.Streaming.MaxNumTexturesToStreamPerFrame:0]]
[2019.11.21-18.46.12:618][  0]LogConfig: Setting CVar [[r.Streaming.Boost:1]]
[2019.11.21-18.46.12:618][  0]LogConfig: Setting CVar [[r.MaxAnisotropy:8]]
[2019.11.21-18.46.12:618][  0]LogConfig: Setting CVar [[r.Streaming.LimitPoolSizeToVRAM:0]]
[2019.11.21-18.46.12:618][  0]LogConfig: Setting CVar [[r.Streaming.PoolSize:1000]]
[2019.11.21-18.46.12:618][  0]LogConfig: Setting CVar [[r.Streaming.MaxEffectiveScreenSize:0]]
[2019.11.21-18.46.12:618][  0]LogConfig: Applying CVar settings from Section [EffectsQuality@3] File [C:/Users/Ema/Documents/GitHub/DAGD300_RuinsSkyFortress/RuinsSkyFortress/Saved/Config/Windows/Scalability.ini]
[2019.11.21-18.46.12:618][  0]LogConfig: Setting CVar [[r.TranslucencyLightingVolumeDim:64]]
[2019.11.21-18.46.12:618][  0]LogConfig: Setting CVar [[r.RefractionQuality:2]]
[2019.11.21-18.46.12:618][  0]LogConfig: Setting CVar [[r.SSR.Quality:3]]
[2019.11.21-18.46.12:618][  0]LogConfig: Setting CVar [[r.SceneColorFormat:4]]
[2019.11.21-18.46.12:618][  0]LogConfig: Setting CVar [[r.DetailMode:2]]
[2019.11.21-18.46.12:618][  0]LogConfig: Setting CVar [[r.TranslucencyVolumeBlur:1]]
[2019.11.21-18.46.12:618][  0]LogConfig: Setting CVar [[r.MaterialQualityLevel:1 ; High quality]]
[2019.11.21-18.46.12:618][  0]LogConfig: Setting CVar [[r.SSS.Scale:1]]
[2019.11.21-18.46.12:618][  0]LogConfig: Setting CVar [[r.SSS.SampleSet:2]]
[2019.11.21-18.46.12:618][  0]LogConfig: Setting CVar [[r.SSS.Quality:1]]
[2019.11.21-18.46.12:618][  0]LogConfig: Setting CVar [[r.SSS.HalfRes:1]]
[2019.11.21-18.46.12:618][  0]LogConfig: Setting CVar [[r.EmitterSpawnRateScale:1.0]]
[2019.11.21-18.46.12:618][  0]LogConfig: Setting CVar [[r.ParticleLightQuality:2]]
[2019.11.21-18.46.12:618][  0]LogConfig: Applying CVar settings from Section [FoliageQuality@3] File [C:/Users/Ema/Documents/GitHub/DAGD300_RuinsSkyFortress/RuinsSkyFortress/Saved/Config/Windows/Scalability.ini]
[2019.11.21-18.46.12:618][  0]LogConfig: Setting CVar [[foliage.DensityScale:1.0]]
[2019.11.21-18.46.12:618][  0]LogConfig: Setting CVar [[grass.DensityScale:1.0]]
[2019.11.21-18.46.12:618][  0]LogConfig: Applying CVar settings from Section [Startup] File [../../../Engine/Config/ConsoleVariables.ini]
[2019.11.21-18.46.12:619][  0]LogConfig: Setting CVar [[net.UseAdaptiveNetUpdateFrequency:0]]
[2019.11.21-18.46.12:619][  0]LogConfig: Setting CVar [[p.chaos.AllowCreatePhysxBodies:1]]
[2019.11.21-18.46.12:619][  0]LogConfig: Applying CVar settings from Section [ConsoleVariables] File [C:/Users/Ema/Documents/GitHub/DAGD300_RuinsSkyFortress/RuinsSkyFortress/Saved/Config/Windows/Engine.ini]
[2019.11.21-18.46.12:619][  0]LogInit: Computer: THEWHITETOWER
[2019.11.21-18.46.12:619][  0]LogInit: User: Ema
[2019.11.21-18.46.12:619][  0]LogInit: CPU Page size=4096, Cores=4
[2019.11.21-18.46.12:619][  0]LogInit: High frequency timer resolution =10.000000 MHz
[2019.11.21-18.46.12:619][  0]LogMemory: Memory total: Physical=31.9GB (32GB approx)
[2019.11.21-18.46.12:619][  0]LogMemory: Platform Memory Stats for Windows
[2019.11.21-18.46.12:619][  0]LogMemory: Process Physical Memory: 97.57 MB used, 97.57 MB peak
[2019.11.21-18.46.12:619][  0]LogMemory: Process Virtual Memory: 89.11 MB used, 89.11 MB peak
[2019.11.21-18.46.12:619][  0]LogMemory: Physical Memory: 17324.84 MB used,  15391.38 MB free, 32716.22 MB total
[2019.11.21-18.46.12:619][  0]LogMemory: Virtual Memory: 4627.91 MB used,  134213096.00 MB free, 134217728.00 MB total
[2019.11.21-18.46.12:641][  0]LogInit: Using OS detected language (en-US).
[2019.11.21-18.46.12:641][  0]LogInit: Using OS detected locale (en-US).
[2019.11.21-18.46.12:641][  0]LogTextLocalizationManager: No specific localization for 'en-US' exists, so the 'en' localization will be used.
[2019.11.21-18.46.12:770][  0]LogInit: Setting process to per monitor DPI aware
[2019.11.21-18.46.12:808][  0]LogSlate: New Slate User Created.  User Index 0, Is Virtual User: 0
[2019.11.21-18.46.12:808][  0]LogSlate: Slate User Registered.  User Index 0, Is Virtual User: 0
[2019.11.21-18.46.12:942][  0]LogHMD: Failed to initialize OpenVR with code 110
[2019.11.21-18.46.12:942][  0]LogD3D11RHI: D3D11 adapters:
[2019.11.21-18.46.13:007][  0]LogD3D11RHI:    0. 'NVIDIA GeForce GTX 1070' (Feature Level 11_0)
[2019.11.21-18.46.13:007][  0]LogD3D11RHI:       8088/0/16358 MB DedicatedVideo/DedicatedSystem/SharedSystem, Outputs:2, VendorId:0x10de
[2019.11.21-18.46.13:010][  0]LogD3D11RHI:    1. 'Microsoft Basic Render Driver' (Feature Level 11_0)
[2019.11.21-18.46.13:010][  0]LogD3D11RHI:       0/0/16358 MB DedicatedVideo/DedicatedSystem/SharedSystem, Outputs:0, VendorId:0x1414
[2019.11.21-18.46.13:010][  0]LogD3D11RHI: Chosen D3D11 Adapter: 0
[2019.11.21-18.46.13:017][  0]LogD3D11RHI: Creating new Direct3DDevice
[2019.11.21-18.46.13:017][  0]LogD3D11RHI:     GPU DeviceId: 0x1b81 (for the marketing name, search the web for "GPU Device Id")
[2019.11.21-18.46.13:017][  0]LogWindows: EnumDisplayDevices:
[2019.11.21-18.46.13:017][  0]LogWindows:    0. 'NVIDIA GeForce GTX 1070' (P:0 D:1)
[2019.11.21-18.46.13:018][  0]LogWindows:    1. 'NVIDIA GeForce GTX 1070' (P:1 D:1)
[2019.11.21-18.46.13:018][  0]LogWindows:    2. 'NVIDIA GeForce GTX 1070' (P:0 D:0)
[2019.11.21-18.46.13:018][  0]LogWindows:    3. 'NVIDIA GeForce GTX 1070' (P:0 D:0)
[2019.11.21-18.46.13:018][  0]LogWindows: DebugString: FoundDriverCount:4 
[2019.11.21-18.46.13:018][  0]LogD3D11RHI:     Adapter Name: NVIDIA GeForce GTX 1070
[2019.11.21-18.46.13:018][  0]LogD3D11RHI:   Driver Version: 432.00 (internal:26.21.14.3200, unified:432.00)
[2019.11.21-18.46.13:018][  0]LogD3D11RHI:      Driver Date: 7-24-2019
[2019.11.21-18.46.13:018][  0]LogRHI: Texture pool is 5661 MB (70% of 8088 MB)
[2019.11.21-18.46.13:055][  0]LogD3D11RHI: Async texture creation enabled
[2019.11.21-18.46.13:058][  0]LogRendererCore: FGlobalReadBuffer::InitRHI
[2019.11.21-18.46.13:058][  0]LogRendererCore: FGlobalReadBuffer::InitRHI
[2019.11.21-18.46.13:058][  0]LogRendererCore: FGlobalReadBuffer::InitRHI
[2019.11.21-18.46.13:065][  0]LogD3D11RHI: GPU Timing Frequency: 1000.000000 (Debug: 2 1)
[2019.11.21-18.46.13:346][  0]LogTemp: Display: Module 'AllDesktopTargetPlatform' loaded TargetPlatform 'AllDesktop'
[2019.11.21-18.46.13:364][  0]LogTemp: Display: Module 'MacClientTargetPlatform' loaded TargetPlatform 'MacClient'
[2019.11.21-18.46.13:378][  0]LogTemp: Display: Module 'MacNoEditorTargetPlatform' loaded TargetPlatform 'MacNoEditor'
[2019.11.21-18.46.13:390][  0]LogTemp: Display: Module 'MacServerTargetPlatform' loaded TargetPlatform 'MacServer'
[2019.11.21-18.46.13:404][  0]LogTemp: Display: Module 'MacTargetPlatform' loaded TargetPlatform 'Mac'
[2019.11.21-18.46.13:418][  0]LogTemp: Display: Module 'WindowsClientTargetPlatform' loaded TargetPlatform 'WindowsClient'
[2019.11.21-18.46.13:430][  0]LogTemp: Display: Module 'WindowsNoEditorTargetPlatform' loaded TargetPlatform 'WindowsNoEditor'
[2019.11.21-18.46.13:442][  0]LogTemp: Display: Module 'WindowsServerTargetPlatform' loaded TargetPlatform 'WindowsServer'
[2019.11.21-18.46.13:449][  0]LogTemp: Display: Module 'WindowsTargetPlatform' loaded TargetPlatform 'Windows'
[2019.11.21-18.46.13:520][  0]LogTemp: Display: Module 'AndroidTargetPlatform' loaded TargetPlatform 'Android'
[2019.11.21-18.46.13:520][  0]LogTemp: Display: Module 'AndroidTargetPlatform' loaded TargetPlatform 'Android_ASTC'
[2019.11.21-18.46.13:520][  0]LogTemp: Display: Module 'AndroidTargetPlatform' loaded TargetPlatform 'Android_ATC'
[2019.11.21-18.46.13:520][  0]LogTemp: Display: Module 'AndroidTargetPlatform' loaded TargetPlatform 'Android_DXT'
[2019.11.21-18.46.13:520][  0]LogTemp: Display: Module 'AndroidTargetPlatform' loaded TargetPlatform 'Android_ETC1'
[2019.11.21-18.46.13:520][  0]LogTemp: Display: Module 'AndroidTargetPlatform' loaded TargetPlatform 'Android_ETC1a'
[2019.11.21-18.46.13:520][  0]LogTemp: Display: Module 'AndroidTargetPlatform' loaded TargetPlatform 'Android_ETC2'
[2019.11.21-18.46.13:520][  0]LogTemp: Display: Module 'AndroidTargetPlatform' loaded TargetPlatform 'Android_PVRTC'
[2019.11.21-18.46.13:520][  0]LogTemp: Display: Module 'AndroidTargetPlatform' loaded TargetPlatform 'AndroidClient'
[2019.11.21-18.46.13:520][  0]LogTemp: Display: Module 'AndroidTargetPlatform' loaded TargetPlatform 'Android_ASTCClient'
[2019.11.21-18.46.13:521][  0]LogTemp: Display: Module 'AndroidTargetPlatform' loaded TargetPlatform 'Android_ATCClient'
[2019.11.21-18.46.13:521][  0]LogTemp: Display: Module 'AndroidTargetPlatform' loaded TargetPlatform 'Android_DXTClient'
[2019.11.21-18.46.13:521][  0]LogTemp: Display: Module 'AndroidTargetPlatform' loaded TargetPlatform 'Android_ETC1Client'
[2019.11.21-18.46.13:521][  0]LogTemp: Display: Module 'AndroidTargetPlatform' loaded TargetPlatform 'Android_ETC1aClient'
[2019.11.21-18.46.13:521][  0]LogTemp: Display: Module 'AndroidTargetPlatform' loaded TargetPlatform 'Android_ETC2Client'
[2019.11.21-18.46.13:521][  0]LogTemp: Display: Module 'AndroidTargetPlatform' loaded TargetPlatform 'Android_PVRTCClient'
[2019.11.21-18.46.13:521][  0]LogTemp: Display: Module 'AndroidTargetPlatform' loaded TargetPlatform 'Android_Multi'
[2019.11.21-18.46.13:521][  0]LogTemp: Display: Module 'AndroidTargetPlatform' loaded TargetPlatform 'Android_MultiClient'
[2019.11.21-18.46.13:522][  0]LogTemp: Display: Module 'HTML5TargetPlatform' loaded TargetPlatform 'HTML5'
[2019.11.21-18.46.13:570][  0]LogTemp: Display: Module 'IOSTargetPlatform' loaded TargetPlatform 'IOSClient'
[2019.11.21-18.46.13:570][  0]LogTemp: Display: Module 'IOSTargetPlatform' loaded TargetPlatform 'IOS'
[2019.11.21-18.46.13:596][  0]LogTemp: Display: Module 'TVOSTargetPlatform' loaded TargetPlatform 'TVOSClient'
[2019.11.21-18.46.13:596][  0]LogTemp: Display: Module 'TVOSTargetPlatform' loaded TargetPlatform 'TVOS'
[2019.11.21-18.46.13:607][  0]LogTemp: Display: Module 'LinuxClientTargetPlatform' loaded TargetPlatform 'LinuxClient'
[2019.11.21-18.46.13:618][  0]LogTemp: Display: Module 'LinuxNoEditorTargetPlatform' loaded TargetPlatform 'LinuxNoEditor'
[2019.11.21-18.46.13:629][  0]LogTemp: Display: Module 'LinuxServerTargetPlatform' loaded TargetPlatform 'LinuxServer'
[2019.11.21-18.46.13:639][  0]LogTemp: Display: Module 'LinuxTargetPlatform' loaded TargetPlatform 'Linux'
[2019.11.21-18.46.13:677][  0]LogTemp: Display: Module 'LuminTargetPlatform' loaded TargetPlatform 'Lumin'
[2019.11.21-18.46.13:677][  0]LogTemp: Display: Module 'LuminTargetPlatform' loaded TargetPlatform 'LuminClient'
[2019.11.21-18.46.13:677][  0]LogTargetPlatformManager: Display: Building Assets For Windows
[2019.11.21-18.46.13:684][  0]LogAudioDebug: Display: Lib vorbis DLL was dynamically loaded.
[2019.11.21-18.46.13:726][  0]LogShaderCompilers: Guid format shader working directory is -27 characters bigger than the processId version (C:/Users/Ema/Documents/GitHub/DAGD300_RuinsSkyFortress/RuinsSkyFortress/Intermediate/Shaders/WorkingDirectory/5460/).
[2019.11.21-18.46.13:726][  0]LogShaderCompilers: Cleaned the shader compiler working directory 'C:/Users/Ema/AppData/Local/Temp/UnrealShaderWorkingDir/A85ADC3D45903FF6CF293C827F9832F5/'.
[2019.11.21-18.46.13:728][  0]LogXGEController: Cannot use XGE Controller as Incredibuild is not installed on this machine.
[2019.11.21-18.46.13:728][  0]LogShaderCompilers: Cannot use XGE Shader Compiler as Incredibuild is not installed on this machine.
[2019.11.21-18.46.13:728][  0]LogShaderCompilers: Display: Using Local Shader Compiler.
[2019.11.21-18.46.14:171][  0]LogDerivedDataCache: Display: Max Cache Size: 512 MB
[2019.11.21-18.46.14:211][  0]LogDerivedDataCache: Loaded boot cache 0.04s 72MB C:/Users/Ema/AppData/Local/UnrealEngine/4.22/DerivedDataCache/Boot.ddc.
[2019.11.21-18.46.14:211][  0]LogDerivedDataCache: Display: Loaded Boot cache: C:/Users/Ema/AppData/Local/UnrealEngine/4.22/DerivedDataCache/Boot.ddc
[2019.11.21-18.46.14:211][  0]LogDerivedDataCache: FDerivedDataBackendGraph:  Pak pak cache file C:/Users/Ema/Documents/GitHub/DAGD300_RuinsSkyFortress/RuinsSkyFortress/DerivedDataCache/DDC.ddp not found, will not use a pak cache.
[2019.11.21-18.46.14:211][  0]LogDerivedDataCache: Unable to find inner node Pak for hierarchical cache Hierarchy.
[2019.11.21-18.46.14:211][  0]LogDerivedDataCache: FDerivedDataBackendGraph:  CompressedPak pak cache file C:/Users/Ema/Documents/GitHub/DAGD300_RuinsSkyFortress/RuinsSkyFortress/DerivedDataCache/Compressed.ddp not found, will not use a pak cache.
[2019.11.21-18.46.14:211][  0]LogDerivedDataCache: Unable to find inner node CompressedPak for hierarchical cache Hierarchy.
[2019.11.21-18.46.14:221][  0]LogDerivedDataCache: Display: Pak cache opened for reading ../../../Engine/DerivedDataCache/Compressed.ddp.
[2019.11.21-18.46.14:224][  0]LogDerivedDataCache: Display: Pak cache opened for reading ../../../Enterprise/DerivedDataCache/Compressed.ddp.
[2019.11.21-18.46.14:236][  0]LogDerivedDataCache: Using Local data cache path C:/Users/Ema/AppData/Local/UnrealEngine/Common/DerivedDataCache: Writable
[2019.11.21-18.46.14:236][  0]LogDerivedDataCache: Shared data cache path not found in *engine.ini, will not use an Shared cache.
[2019.11.21-18.46.14:236][  0]LogDerivedDataCache: Unable to find inner node Shared for hierarchical cache Hierarchy.
[2019.11.21-18.46.14:254][  0]LogMaterial: Verifying Global Shaders for PCD3D_SM5
[2019.11.21-18.46.14:255][  0]LogSlate: Using FreeType 2.6.0
[2019.11.21-18.46.14:255][  0]LogSlate: SlateFontServices - WITH_FREETYPE: 1, WITH_HARFBUZZ: 1
[2019.11.21-18.46.14:330][  0]LogAssetRegistry: FAssetRegistry took 0.0310 seconds to start up
[2019.11.21-18.46.14:631][  0]LogInit: Selected Device Profile: [Windows]
[2019.11.21-18.46.14:751][  0]LogMeshReduction: Using QuadricMeshReduction for automatic static mesh reduction
[2019.11.21-18.46.14:751][  0]LogMeshReduction: Using SimplygonMeshReduction for automatic skeletal mesh reduction
[2019.11.21-18.46.14:751][  0]LogMeshReduction: Using ProxyLODMeshReduction for automatic mesh merging
[2019.11.21-18.46.14:751][  0]LogMeshReduction: No distributed automatic mesh merging module available
[2019.11.21-18.46.14:751][  0]LogMeshMerging: No distributed automatic mesh merging module available
[2019.11.21-18.46.14:760][  0]LogNetVersion: RuinsSkyFortress 1.0.0, NetCL: 5660361, EngineNetVer: 10, GameNetVer: 0 (Checksum: 607414414)
[2019.11.21-18.46.15:098][  0]LogPackageLocalizationCache: Processed 16 localized package path(s) for 1 prioritized culture(s) in 0.041643 seconds
[2019.11.21-18.46.15:103][  0]LogUObjectArray: 42205 objects as part of root set at end of initial load.
[2019.11.21-18.46.15:103][  0]LogUObjectAllocator: 7325032 out of 0 bytes used by permanent object pool.
[2019.11.21-18.46.15:103][  0]LogUObjectArray: CloseDisregardForGC: 0/0 objects in disregard for GC pool
[2019.11.21-18.46.15:848][  0]LogTcpMessaging: Initializing TcpMessaging bridge
[2019.11.21-18.46.15:865][  0]LogUdpMessaging: Initializing bridge on interface 0.0.0.0:0 to multicast group 230.0.0.1:6666.
[2019.11.21-18.46.15:960][  0]SourceControl: Source control is disabled
[2019.11.21-18.46.15:960][  0]SourceControl: Source control is disabled
[2019.11.21-18.46.15:961][  0]SourceControl: Source control is disabled
[2019.11.21-18.46.15:962][  0]SourceControl: Source control is disabled
[2019.11.21-18.46.15:970][  0]LogVSAccessor: Display: Unable to create Visual Studio setup instance: 80040154
[2019.11.21-18.46.15:971][  0]LogVSAccessor: Display: Unable to create Visual Studio setup instance: 80040154
[2019.11.21-18.46.16:058][  0]LogAndroidPermission: UAndroidPermissionCallbackProxy::GetInstance
[2019.11.21-18.46.16:127][  0]LogOcInput: OculusInput pre-init called
[2019.11.21-18.46.18:023][  0]LogWindows: Failed to load 'libalias_api.dll' (GetLastError=126)
[2019.11.21-18.46.18:023][  0]LogWindows: File 'libalias_api.dll' does not exist
[2019.11.21-18.46.18:024][  0]LogWindows: Failed to load 'libalias_api.dll' (GetLastError=126)
[2019.11.21-18.46.18:024][  0]LogWindows: File 'libalias_api.dll' does not exist
[2019.11.21-18.46.18:151][  0]LogEngine: Initializing Engine...
[2019.11.21-18.46.18:152][  0]LogHMD: Failed to initialize OpenVR with code 110
[2019.11.21-18.46.18:153][  0]LogStats: UGameplayTagsManager::InitializeManager -  0.000 s
[2019.11.21-18.46.18:310][  0]LogInit: Initializing FReadOnlyCVARCache
[2019.11.21-18.46.18:323][  0]LogAIModule: Creating AISystem for world Untitled
[2019.11.21-18.46.18:337][  0]LogInit: XAudio2 using 'Speakers (Sound Blaster Recon3Di)' : 2 channels at 48 kHz using 32 bits per sample (channel mask 0x3)
[2019.11.21-18.46.18:372][  0]LogInit: FAudioDevice initialized.
[2019.11.21-18.46.18:372][  0]LogNetVersion: Set ProjectVersion to 1.0.0.0. Version Checksum will be recalculated on next use.
[2019.11.21-18.46.18:515][  0]LogDerivedDataCache: Saved boot cache 0.14s 72MB C:/Users/Ema/AppData/Local/UnrealEngine/4.22/DerivedDataCache/Boot.ddc.
[2019.11.21-18.46.18:519][  0]LogInit: Texture streaming: Enabled
[2019.11.21-18.46.18:538][  0]LogEngineSessionManager: EngineSessionManager initialized
[2019.11.21-18.46.18:556][  0]LogInit: Transaction tracking system initialized
[2019.11.21-18.46.18:576][  0]BlueprintLog: New page: Editor Load
[2019.11.21-18.46.18:669][  0]LocalizationService: Localization service is disabled
[2019.11.21-18.46.18:787][  0]LogVSAccessor: Display: Unable to create Visual Studio setup instance: 80040154
[2019.11.21-18.46.18:787][  0]LogVSAccessor: Display: Unable to create Visual Studio setup instance: 80040154
[2019.11.21-18.46.18:922][  0]LogFileCache: Scanning file cache for directory 'C:/Users/Ema/Documents/GitHub/DAGD300_RuinsSkyFortress/RuinsSkyFortress/Content/' took 0.01s
[2019.11.21-18.46.18:922][  0]LogCook: Display: Max memory allowance for cook 16384mb min free memory 0mb
[2019.11.21-18.46.18:922][  0]LogCook: Display: Mobile HDR setting 1
[2019.11.21-18.46.20:106][  0]SourceControl: Source control is disabled
[2019.11.21-18.46.20:106][  0]Cmd: MAP LOAD FILE="C:/Users/Ema/Documents/GitHub/DAGD300_RuinsSkyFortress/RuinsSkyFortress/Content/FirstPersonBP/Maps/FirstPersonExampleMap.umap" TEMPLATE=0 SHOWPROGRESS=1 FEATURELEVEL=3
[2019.11.21-18.46.20:106][  0]LightingResults: New page: Lighting Build
[2019.11.21-18.46.20:109][  0]MapCheck: New page: Map Check
[2019.11.21-18.46.20:109][  0]LightingResults: New page: Lighting Build
[2019.11.21-18.46.20:129][  0]LogUObjectHash: Compacting FUObjectHashTables data took   1.30ms
[2019.11.21-18.46.20:462][  0]LogAIModule: Creating AISystem for world FirstPersonExampleMap
[2019.11.21-18.46.20:469][  0]LogEditorServer: Finished looking for orphan Actors (0.000 secs)
[2019.11.21-18.46.20:491][  0]LogUObjectHash: Compacting FUObjectHashTables data took   1.63ms
[2019.11.21-18.46.20:491][  0]Cmd: MAP CHECKDEP NOCLEARLOG
[2019.11.21-18.46.20:492][  0]MapCheck: Map check complete: 0 Error(s), 0 Warning(s), took 0.151ms to complete.
[2019.11.21-18.46.20:492][  0]LogFileHelpers: Loading map 'FirstPersonExampleMap' took 0.385
[2019.11.21-18.46.20:568][  0]LogSlate: Updating window title bar state: overlay mode, drag disabled, window buttons hidden, title bar hidden
[2019.11.21-18.46.20:574][  0]LogSlate: Updating window title bar state: overlay mode, drag disabled, window buttons hidden, title bar hidden
[2019.11.21-18.46.20:579][  0]LogSlate: Updating window title bar state: overlay mode, drag disabled, window buttons hidden, title bar hidden
[2019.11.21-18.46.20:585][  0]LogSlate: Updating window title bar state: overlay mode, drag disabled, window buttons hidden, title bar hidden
[2019.11.21-18.46.20:589][  0]LogCollectionManager: Loaded 0 collections in 0.001514 seconds
[2019.11.21-18.46.20:628][  0]LogFileCache: Scanning file cache for directory 'C:/Users/Ema/Documents/GitHub/DAGD300_RuinsSkyFortress/RuinsSkyFortress/Saved/Collections/' took 0.01s
[2019.11.21-18.46.20:628][  0]LogFileCache: Scanning file cache for directory 'C:/Users/Ema/Documents/GitHub/DAGD300_RuinsSkyFortress/RuinsSkyFortress/Content/Developers/Ema/Collections/' took 0.01s
[2019.11.21-18.46.20:628][  0]LogFileCache: Scanning file cache for directory 'C:/Users/Ema/Documents/GitHub/DAGD300_RuinsSkyFortress/RuinsSkyFortress/Content/Collections/' took 0.01s
[2019.11.21-18.46.20:628][  0]LogCollectionManager: Rebuilt the GUID cache for 0 collections in 0.000000 seconds
[2019.11.21-18.46.20:636][  0]LogContentBrowser: Native class hierarchy populated in 0.0072 seconds. Added 2864 classes and 726 folders.
[2019.11.21-18.46.20:642][  0]LogContentBrowser: Native class hierarchy updated for 'WidgetCarousel' in 0.0002 seconds. Added 0 classes and 0 folders.
[2019.11.21-18.46.20:643][  0]LogPakFile: Registered encryption key '00000000000000000000000000000000': 0 pak files mounted, 0 remain pending
[2019.11.21-18.46.20:644][  0]LogPakFile: Registered encryption key '00000000000000000000000000000000': 0 pak files mounted, 0 remain pending
[2019.11.21-18.46.20:644][  0]LogPakFile: Registered encryption key '00000000000000000000000000000000': 0 pak files mounted, 0 remain pending
[2019.11.21-18.46.20:644][  0]LogPakFile: Registered encryption key '00000000000000000000000000000000': 0 pak files mounted, 0 remain pending
[2019.11.21-18.46.20:645][  0]LogPakFile: Registered encryption key '00000000000000000000000000000000': 0 pak files mounted, 0 remain pending
[2019.11.21-18.46.20:645][  0]LogPakFile: Registered encryption key '00000000000000000000000000000000': 0 pak files mounted, 0 remain pending
[2019.11.21-18.46.20:645][  0]LogPakFile: Registered encryption key '00000000000000000000000000000000': 0 pak files mounted, 0 remain pending
[2019.11.21-18.46.20:646][  0]LogPakFile: Registered encryption key '00000000000000000000000000000000': 0 pak files mounted, 0 remain pending
[2019.11.21-18.46.20:646][  0]LogPakFile: Registered encryption key '00000000000000000000000000000000': 0 pak files mounted, 0 remain pending
[2019.11.21-18.46.20:646][  0]LogPakFile: Registered encryption key '00000000000000000000000000000000': 0 pak files mounted, 0 remain pending
[2019.11.21-18.46.20:647][  0]LogPakFile: Registered encryption key '00000000000000000000000000000000': 0 pak files mounted, 0 remain pending
[2019.11.21-18.46.20:647][  0]LogPakFile: Registered encryption key '00000000000000000000000000000000': 0 pak files mounted, 0 remain pending
[2019.11.21-18.46.20:647][  0]LogPakFile: Registered encryption key '00000000000000000000000000000000': 0 pak files mounted, 0 remain pending
[2019.11.21-18.46.20:648][  0]LogPakFile: Registered encryption key '00000000000000000000000000000000': 0 pak files mounted, 0 remain pending
[2019.11.21-18.46.20:648][  0]LogPakFile: Registered encryption key '00000000000000000000000000000000': 0 pak files mounted, 0 remain pending
[2019.11.21-18.46.20:649][  0]LogPakFile: Registered encryption key '00000000000000000000000000000000': 0 pak files mounted, 0 remain pending
[2019.11.21-18.46.20:649][  0]LogPakFile: Registered encryption key '00000000000000000000000000000000': 0 pak files mounted, 0 remain pending
[2019.11.21-18.46.20:649][  0]LogPakFile: Registered encryption key '00000000000000000000000000000000': 0 pak files mounted, 0 remain pending
[2019.11.21-18.46.20:650][  0]LogPakFile: Registered encryption key '00000000000000000000000000000000': 0 pak files mounted, 0 remain pending
[2019.11.21-18.46.20:650][  0]LogPakFile: Registered encryption key '00000000000000000000000000000000': 0 pak files mounted, 0 remain pending
[2019.11.21-18.46.20:650][  0]LogPakFile: Registered encryption key '00000000000000000000000000000000': 0 pak files mounted, 0 remain pending
[2019.11.21-18.46.20:651][  0]LogPakFile: Registered encryption key '00000000000000000000000000000000': 0 pak files mounted, 0 remain pending
[2019.11.21-18.46.20:651][  0]LogPakFile: Registered encryption key '00000000000000000000000000000000': 0 pak files mounted, 0 remain pending
[2019.11.21-18.46.20:651][  0]LogPakFile: Registered encryption key '00000000000000000000000000000000': 0 pak files mounted, 0 remain pending
[2019.11.21-18.46.20:652][  0]LogPakFile: Registered encryption key '00000000000000000000000000000000': 0 pak files mounted, 0 remain pending
[2019.11.21-18.46.20:652][  0]LogPakFile: Registered encryption key '00000000000000000000000000000000': 0 pak files mounted, 0 remain pending
[2019.11.21-18.46.20:653][  0]LogPakFile: Registered encryption key '00000000000000000000000000000000': 0 pak files mounted, 0 remain pending
[2019.11.21-18.46.20:653][  0]LogPakFile: Registered encryption key '00000000000000000000000000000000': 0 pak files mounted, 0 remain pending
[2019.11.21-18.46.20:687][  0]LogContentBrowser: Native class hierarchy updated for 'AddContentDialog' in 0.0002 seconds. Added 0 classes and 0 folders.
[2019.11.21-18.46.20:690][  0]LogContentBrowser: Native class hierarchy updated for 'SceneOutliner' in 0.0002 seconds. Added 1 classes and 0 folders.
[2019.11.21-18.46.20:751][  0]LogSlate: Took 0.000126 seconds to synchronously load lazily loaded font '../../../Engine/Content/Slate/Fonts/Roboto-Regular.ttf' (155K)
[2019.11.21-18.46.20:754][  0]LogSlate: Took 0.000166 seconds to synchronously load lazily loaded font '../../../Engine/Content/Slate/Fonts/Roboto-Bold.ttf' (160K)
[2019.11.21-18.46.20:757][  0]LogSlate: Took 0.000146 seconds to synchronously load lazily loaded font '../../../Engine/Content/Editor/Slate/Fonts/FontAwesome.ttf' (139K)
[2019.11.21-18.46.20:807][  0]LogRenderer: Reallocating scene render targets to support 1100x624 Format 10 NumSamples 1 (Frame:1).
[2019.11.21-18.46.20:926][  0]LogContentBrowser: Native class hierarchy updated for 'HierarchicalLODOutliner' in 0.0002 seconds. Added 0 classes and 0 folders.
[2019.11.21-18.46.20:927][  0]LogLoad: (Engine Initialization) Total time: 9.77 seconds
[2019.11.21-18.46.20:927][  0]LogLoad: (Engine Initialization) Total Blueprint compile time: 0.00 seconds
[2019.11.21-18.46.20:955][  0]LogAssetRegistry: Asset discovery search completed in 6.6481 seconds
[2019.11.21-18.46.20:957][  0]LogCollectionManager: Rebuilt the object cache for 0 collections in 0.000000 seconds (found 0 objects)
[2019.11.21-18.46.20:957][  0]LogCollectionManager: Fixed up redirectors for 0 collections in 0.000038 seconds (updated 0 objects)
[2019.11.21-18.46.20:958][  0]LogContentStreaming: Texture pool size now 1000 MB
[2019.11.21-18.46.21:038][  0]LogSlate: Took 0.000158 seconds to synchronously load lazily loaded font '../../../Engine/Content/Slate/Fonts/Roboto-Light.ttf' (167K)
[2019.11.21-18.46.22:554][178]LogSlate: FSceneViewport::OnFocusLost() reason 0
[2019.11.21-18.48.12:243][962]LogSlate: FSceneViewport::OnFocusLost() reason 0
[2019.11.21-18.48.13:176][ 74]Cmd: DELETE
[2019.11.21-18.48.13:176][ 74]Cmd: ACTOR DELETE
[2019.11.21-18.48.13:194][ 74]LogUObjectHash: Compacting FUObjectHashTables data took   0.55ms
[2019.11.21-18.48.13:195][ 74]LogEditorActor: Deleted 0 Actors (0.019 secs)
[2019.11.21-18.48.13:804][146]Cmd: DELETE
[2019.11.21-18.48.13:804][146]Cmd: ACTOR DELETE
[2019.11.21-18.48.13:823][146]LogUObjectHash: Compacting FUObjectHashTables data took   0.54ms
[2019.11.21-18.48.13:824][146]LogEditorActor: Deleted 0 Actors (0.019 secs)
[2019.11.21-18.48.14:875][272]Cmd: DELETE
[2019.11.21-18.48.14:875][272]Cmd: ACTOR DELETE
[2019.11.21-18.48.14:892][272]LogUObjectHash: Compacting FUObjectHashTables data took   0.53ms
[2019.11.21-18.48.14:892][272]LogEditorActor: Deleted 0 Actors (0.017 secs)
[2019.11.21-18.48.16:612][474]Cmd: DELETE
[2019.11.21-18.48.16:612][474]Cmd: ACTOR DELETE
[2019.11.21-18.48.16:613][474]LogEditorActor: Deleted Actor: StaticMeshActor
[2019.11.21-18.48.16:631][474]LogUObjectHash: Compacting FUObjectHashTables data took   0.50ms
[2019.11.21-18.48.16:632][474]LogEditorActor: Deleted 1 Actors (0.019 secs)
[2019.11.21-18.48.17:078][527]Cmd: DELETE
[2019.11.21-18.48.17:078][527]Cmd: ACTOR DELETE
[2019.11.21-18.48.17:097][527]LogUObjectHash: Compacting FUObjectHashTables data took   0.50ms
[2019.11.21-18.48.17:097][527]LogEditorActor: Deleted 0 Actors (0.019 secs)
[2019.11.21-18.48.18:070][642]Cmd: DELETE
[2019.11.21-18.48.18:070][642]Cmd: ACTOR DELETE
[2019.11.21-18.48.18:071][642]LogEditorActor: Deleted Actor: StaticMeshActor
[2019.11.21-18.48.18:088][642]LogUObjectHash: Compacting FUObjectHashTables data took   0.53ms
[2019.11.21-18.48.18:089][642]LogEditorActor: Deleted 1 Actors (0.020 secs)
[2019.11.21-18.48.18:642][704]Cmd: DELETE
[2019.11.21-18.48.18:642][704]Cmd: ACTOR DELETE
[2019.11.21-18.48.18:643][704]LogEditorActor: Deleted Actor: StaticMeshActor
[2019.11.21-18.48.18:664][704]LogUObjectHash: Compacting FUObjectHashTables data took   0.54ms
[2019.11.21-18.48.18:664][704]LogEditorActor: Deleted 1 Actors (0.023 secs)
[2019.11.21-18.48.19:463][798]Cmd: DELETE
[2019.11.21-18.48.19:463][798]Cmd: ACTOR DELETE
[2019.11.21-18.48.19:465][798]LogEditorActor: Deleted Actor: StaticMeshActor
[2019.11.21-18.48.19:484][798]LogUObjectHash: Compacting FUObjectHashTables data took   0.58ms
[2019.11.21-18.48.19:484][798]LogEditorActor: Deleted 1 Actors (0.021 secs)
[2019.11.21-18.48.20:411][907]Cmd: DELETE
[2019.11.21-18.48.20:411][907]Cmd: ACTOR DELETE
[2019.11.21-18.48.20:412][907]LogEditorActor: Deleted Actor: StaticMeshActor
[2019.11.21-18.48.20:432][907]LogUObjectHash: Compacting FUObjectHashTables data took   0.54ms
[2019.11.21-18.48.20:432][907]LogEditorActor: Deleted 1 Actors (0.022 secs)
[2019.11.21-18.48.21:008][975]Cmd: DELETE
[2019.11.21-18.48.21:008][975]Cmd: ACTOR DELETE
[2019.11.21-18.48.21:010][975]LogEditorActor: Deleted Actor: StaticMeshActor
[2019.11.21-18.48.21:027][975]LogUObjectHash: Compacting FUObjectHashTables data took   0.54ms
[2019.11.21-18.48.21:028][975]LogEditorActor: Deleted 1 Actors (0.019 secs)
[2019.11.21-18.48.21:549][ 36]Cmd: DELETE
[2019.11.21-18.48.21:549][ 36]Cmd: ACTOR DELETE
[2019.11.21-18.48.21:551][ 36]LogEditorActor: Deleted Actor: StaticMeshActor
[2019.11.21-18.48.21:570][ 36]LogUObjectHash: Compacting FUObjectHashTables data took   0.51ms
[2019.11.21-18.48.21:570][ 36]LogEditorActor: Deleted 1 Actors (0.021 secs)
[2019.11.21-18.48.22:056][ 93]Cmd: DELETE
[2019.11.21-18.48.22:057][ 93]Cmd: ACTOR DELETE
[2019.11.21-18.48.22:058][ 93]LogEditorActor: Deleted Actor: StaticMeshActor
[2019.11.21-18.48.22:077][ 93]LogUObjectHash: Compacting FUObjectHashTables data took   0.54ms
[2019.11.21-18.48.22:077][ 93]LogEditorActor: Deleted 1 Actors (0.020 secs)
[2019.11.21-18.48.22:871][187]Cmd: DELETE
[2019.11.21-18.48.22:872][187]Cmd: ACTOR DELETE
[2019.11.21-18.48.22:873][187]LogEditorActor: Deleted Actor: StaticMeshActor
[2019.11.21-18.48.22:892][187]LogUObjectHash: Compacting FUObjectHashTables data took   0.55ms
[2019.11.21-18.48.22:893][187]LogEditorActor: Deleted 1 Actors (0.020 secs)
[2019.11.21-18.48.23:677][280]Cmd: DELETE
[2019.11.21-18.48.23:677][280]Cmd: ACTOR DELETE
[2019.11.21-18.48.23:678][280]LogEditorActor: Deleted Actor: StaticMeshActor
[2019.11.21-18.48.23:697][280]LogUObjectHash: Compacting FUObjectHashTables data took   0.49ms
[2019.11.21-18.48.23:697][280]LogEditorActor: Deleted 1 Actors (0.021 secs)
[2019.11.21-18.48.24:659][394]Cmd: DELETE
[2019.11.21-18.48.24:659][394]Cmd: ACTOR DELETE
[2019.11.21-18.48.24:660][394]LogEditorActor: Deleted Actor: StaticMeshActor
[2019.11.21-18.48.24:678][394]LogUObjectHash: Compacting FUObjectHashTables data took   0.54ms
[2019.11.21-18.48.24:678][394]LogEditorActor: Deleted 1 Actors (0.019 secs)
[2019.11.21-18.48.25:176][454]LogEditorViewport: Clicking on Actor (LMB): StaticMeshActor (Wall1)
[2019.11.21-18.48.25:325][468]Cmd: DELETE
[2019.11.21-18.48.25:326][468]Cmd: ACTOR DELETE
[2019.11.21-18.48.25:327][468]LogEditorActor: Deleted Actor: StaticMeshActor
[2019.11.21-18.48.25:346][468]LogUObjectHash: Compacting FUObjectHashTables data took   0.51ms
[2019.11.21-18.48.25:346][468]LogEditorActor: Deleted 1 Actors (0.020 secs)
[2019.11.21-18.48.25:589][497]LogEditorViewport: Clicking on Actor (LMB): StaticMeshActor (Wall4)
[2019.11.21-18.48.25:729][510]Cmd: DELETE
[2019.11.21-18.48.25:729][510]Cmd: ACTOR DELETE
[2019.11.21-18.48.25:730][510]LogEditorActor: Deleted Actor: StaticMeshActor
[2019.11.21-18.48.25:748][510]LogUObjectHash: Compacting FUObjectHashTables data took   0.55ms
[2019.11.21-18.48.25:748][510]LogEditorActor: Deleted 1 Actors (0.020 secs)
[2019.11.21-18.48.25:952][534]LogEditorViewport: Clicking on Actor (LMB): StaticMeshActor (Floor)
[2019.11.21-18.48.26:072][545]Cmd: DELETE
[2019.11.21-18.48.26:072][545]Cmd: ACTOR DELETE
[2019.11.21-18.48.26:073][545]LogEditorActor: Deleted Actor: StaticMeshActor
[2019.11.21-18.48.26:091][545]LogUObjectHash: Compacting FUObjectHashTables data took   0.54ms
[2019.11.21-18.48.26:091][545]LogEditorActor: Deleted 1 Actors (0.019 secs)
[2019.11.21-18.48.26:693][617]LogEditorViewport: Clicking on Actor (LMB): TextRenderActor (TemplateLabel)
[2019.11.21-18.48.26:941][644]Cmd: DELETE
[2019.11.21-18.48.26:941][644]Cmd: ACTOR DELETE
[2019.11.21-18.48.26:943][644]LogEditorActor: Deleted Actor: TextRenderActor
[2019.11.21-18.48.26:961][644]LogUObjectHash: Compacting FUObjectHashTables data took   0.54ms
[2019.11.21-18.48.26:961][644]LogEditorActor: Deleted 1 Actors (0.020 secs)
[2019.11.21-18.48.27:825][748]LogEditorViewport: Clicking on Actor (LMB): StaticMeshActor (EditorCube19)
[2019.11.21-18.48.27:919][756]Cmd: DELETE
[2019.11.21-18.48.27:919][756]Cmd: ACTOR DELETE
[2019.11.21-18.48.27:920][756]LogEditorActor: Deleted Actor: StaticMeshActor
[2019.11.21-18.48.27:938][756]LogUObjectHash: Compacting FUObjectHashTables data took   0.50ms
[2019.11.21-18.48.27:939][756]LogEditorActor: Deleted 1 Actors (0.020 secs)
[2019.11.21-18.48.28:108][776]LogEditorViewport: Clicking on Actor (LMB): StaticMeshActor (EditorCube18)
[2019.11.21-18.48.28:201][784]Cmd: DELETE
[2019.11.21-18.48.28:201][784]Cmd: ACTOR DELETE
[2019.11.21-18.48.28:203][784]LogEditorActor: Deleted Actor: StaticMeshActor
[2019.11.21-18.48.28:221][784]LogUObjectHash: Compacting FUObjectHashTables data took   0.54ms
[2019.11.21-18.48.28:222][784]LogEditorActor: Deleted 1 Actors (0.020 secs)
[2019.11.21-18.48.28:398][805]LogEditorViewport: Clicking on Actor (LMB): StaticMeshActor (EditorCube20)
[2019.11.21-18.48.28:494][813]Cmd: DELETE
[2019.11.21-18.48.28:494][813]Cmd: ACTOR DELETE
[2019.11.21-18.48.28:495][813]LogEditorActor: Deleted Actor: StaticMeshActor
[2019.11.21-18.48.28:522][813]LogUObjectHash: Compacting FUObjectHashTables data took   0.77ms
[2019.11.21-18.48.28:522][813]LogEditorActor: Deleted 1 Actors (0.028 secs)
[2019.11.21-18.48.28:949][864]LogEditorViewport: Clicking on Actor (LMB): StaticMeshActor (Wall2)
[2019.11.21-18.48.29:110][880]Cmd: DELETE
[2019.11.21-18.48.29:110][880]Cmd: ACTOR DELETE
[2019.11.21-18.48.29:111][880]LogEditorActor: Deleted Actor: StaticMeshActor
[2019.11.21-18.48.29:128][880]LogUObjectHash: Compacting FUObjectHashTables data took   0.49ms
[2019.11.21-18.48.29:128][880]LogEditorActor: Deleted 1 Actors (0.018 secs)
[2019.11.21-18.48.29:580][934]LogEditorViewport: Clicking on Actor (LMB): BP_Sky_Sphere_C (SkySphereBlueprint)
[2019.11.21-18.48.29:988][978]LogEditorViewport: Clicking on Actor (LMB): BP_Sky_Sphere_C (SkySphereBlueprint)
[2019.11.21-18.48.31:384][142]LogEditorViewport: Clicking on Actor (LMB): StaticMeshActor (Wall3)
[2019.11.21-18.48.31:511][154]Cmd: DELETE
[2019.11.21-18.48.31:511][154]Cmd: ACTOR DELETE
[2019.11.21-18.48.31:512][154]LogEditorActor: Deleted Actor: StaticMeshActor
[2019.11.21-18.48.31:530][154]LogUObjectHash: Compacting FUObjectHashTables data took   0.54ms
[2019.11.21-18.48.31:530][154]LogEditorActor: Deleted 1 Actors (0.019 secs)
[2019.11.21-18.48.31:821][189]LogEditorViewport: Clicking on Actor (LMB): StaticMeshActor (EditorCube17)
[2019.11.21-18.48.31:856][190]Cmd: DELETE
[2019.11.21-18.48.31:856][190]Cmd: ACTOR DELETE
[2019.11.21-18.48.31:857][190]LogEditorActor: Deleted Actor: StaticMeshActor
[2019.11.21-18.48.31:875][190]LogUObjectHash: Compacting FUObjectHashTables data took   0.50ms
[2019.11.21-18.48.31:875][190]LogEditorActor: Deleted 1 Actors (0.019 secs)
[2019.11.21-18.48.34:847][546]LogEditorViewport: Clicking on Actor (LMB): SphereReflectionCapture (SphereReflectionCapture)
[2019.11.21-18.48.35:147][579]Cmd: DELETE
[2019.11.21-18.48.35:147][579]Cmd: ACTOR DELETE
[2019.11.21-18.48.35:148][579]LogEditorActor: Deleted Actor: SphereReflectionCapture
[2019.11.21-18.48.35:165][579]LogUObjectHash: Compacting FUObjectHashTables data took   0.50ms
[2019.11.21-18.48.35:165][579]LogEditorActor: Deleted 1 Actors (0.019 secs)
[2019.11.21-18.48.35:830][659]LogEditorViewport: Clicking on Actor (LMB): PlayerStart (NetworkPlayerStart)
[2019.11.21-18.48.36:134][693]Cmd: DELETE
[2019.11.21-18.48.36:134][693]Cmd: ACTOR DELETE
[2019.11.21-18.48.36:135][693]LogEditorActor: Deleted Actor: PlayerStart
[2019.11.21-18.48.36:152][693]LogUObjectHash: Compacting FUObjectHashTables data took   0.51ms
[2019.11.21-18.48.36:152][693]LogEditorActor: Deleted 1 Actors (0.018 secs)
[2019.11.21-18.48.37:183][817]LogSlate: FSceneViewport::OnFocusLost() reason 0
[2019.11.21-18.48.37:521][856]Cmd: DELETE
[2019.11.21-18.48.37:522][856]Cmd: ACTOR DELETE
[2019.11.21-18.48.37:523][856]LogEditorActor: Deleted Actor: StaticMeshActor
[2019.11.21-18.48.37:541][856]LogUObjectHash: Compacting FUObjectHashTables data took   0.52ms
[2019.11.21-18.48.37:541][856]LogEditorActor: Deleted 1 Actors (0.020 secs)
[2019.11.21-18.48.40:440][204]Cmd: DELETE
[2019.11.21-18.48.40:440][204]Cmd: ACTOR DELETE
[2019.11.21-18.48.40:459][204]LogUObjectHash: Compacting FUObjectHashTables data took   0.50ms
[2019.11.21-18.48.40:460][204]LogEditorActor: Deleted 0 Actors (0.020 secs)
[2019.11.21-18.48.41:307][304]Cmd: DELETE
[2019.11.21-18.48.41:307][304]Cmd: ACTOR DELETE
[2019.11.21-18.48.41:308][304]LogEditorActor: Deleted Actor: AtmosphericFog
[2019.11.21-18.48.41:329][304]LogUObjectHash: Compacting FUObjectHashTables data took   0.54ms
[2019.11.21-18.48.41:329][304]LogEditorActor: Deleted 1 Actors (0.022 secs)
[2019.11.21-18.48.42:216][407]Cmd: DELETE
[2019.11.21-18.48.42:216][407]Cmd: ACTOR DELETE
[2019.11.21-18.48.42:216][407]LogEditorActor: Deleted Actor: PostProcessVolume
[2019.11.21-18.48.42:236][407]LogUObjectHash: Compacting FUObjectHashTables data took   0.94ms
[2019.11.21-18.48.42:236][407]LogEditorActor: Deleted 1 Actors (0.021 secs)
[2019.11.21-18.48.43:819][596]Cmd: DELETE
[2019.11.21-18.48.43:819][596]Cmd: ACTOR DELETE
[2019.11.21-18.48.43:821][596]LogEditorActor: Deleted Actor: LightmassImportanceVolume
[2019.11.21-18.48.43:840][596]LogUObjectHash: Compacting FUObjectHashTables data took   0.54ms
[2019.11.21-18.48.43:841][596]LogEditorActor: Deleted 1 Actors (0.022 secs)
[2019.11.21-18.48.46:982][973]Cmd: DELETE
[2019.11.21-18.48.46:982][973]Cmd: ACTOR DELETE
[2019.11.21-18.48.47:000][973]LogUObjectHash: Compacting FUObjectHashTables data took   0.52ms
[2019.11.21-18.48.47:000][973]LogEditorActor: Deleted 0 Actors (0.018 secs)
[2019.11.21-18.48.48:136][108]Cmd: DELETE
[2019.11.21-18.48.48:136][108]Cmd: ACTOR DELETE
[2019.11.21-18.48.48:138][108]LogEditorActor: Actor Light Source is referenced by SkySphereBlueprint.
[2019.11.21-18.48.50:880][108]LogSlate: Window 'Message' being destroyed
[2019.11.21-18.48.50:905][108]LogUObjectHash: Compacting FUObjectHashTables data took   0.75ms
[2019.11.21-18.48.50:905][108]LogEditorActor: Deleted 0 Actors (2.770 secs)
[2019.11.21-18.48.57:108][827]LogActorComponent: UnregisterComponent: (/Engine/Transient.SphereBrushComponent) Not registered. Aborting.
[2019.11.21-18.48.57:111][827]LogTexture: Display: Building textures: Texture2D_2 (G8, 128X128)
[2019.11.21-18.49.06:001][886]LogSlate: FSceneViewport::OnFocusLost() reason 2
[2019.11.21-18.49.15:214][982]LogSlate: FSceneViewport::OnFocusLost() reason 2
[2019.11.21-18.49.17:866][298]LogSlate: FSceneViewport::OnFocusLost() reason 2
[2019.11.21-18.49.20:269][586]LogSlate: FSceneViewport::OnFocusLost() reason 2
[2019.11.21-18.49.23:218][939]LogSlate: FSceneViewport::OnFocusLost() reason 2
[2019.11.21-18.49.30:119][755]LogSlate: FSceneViewport::OnFocusLost() reason 0
[2019.11.21-18.49.30:165][760]LogSlate: Took 0.000168 seconds to synchronously load lazily loaded font '../../../Engine/Content/Slate/Fonts/Roboto-Light.ttf' (167K)
[2019.11.21-18.49.30:219][760]LogTexture: Display: Building textures: Texture2D_0 (BGRA8, 512X512)
[2019.11.21-18.49.31:765][932]LogSlate: FSceneViewport::OnFocusLost() reason 0
[2019.11.21-18.49.31:823][939]LogTemp: Repeating last play command: Selected Viewport
[2019.11.21-18.49.31:825][939]LogBlueprintUserMessages: Early PlayInEditor Detection: Level '/Game/FirstPersonBP/Maps/FirstPersonExampleMap.FirstPersonExampleMap:PersistentLevel' has LevelScriptBlueprint '/Game/FirstPersonBP/Maps/FirstPersonExampleMap.FirstPersonExampleMap:PersistentLevel.FirstPersonExampleMap' with GeneratedClass '/Game/FirstPersonBP/Maps/FirstPersonExampleMap.FirstPersonExampleMap_C' with ClassGeneratedBy '/Game/FirstPersonBP/Maps/FirstPersonExampleMap.FirstPersonExampleMap:PersistentLevel.FirstPersonExampleMap'
[2019.11.21-18.49.31:825][939]LogPlayLevel: PlayLevel: No blueprints needed recompiling
[2019.11.21-18.49.31:825][939]PIE: New page: PIE session: FirstPersonExampleMap (Nov 21, 2019, 8:49:31 AM)
[2019.11.21-18.49.31:839][939]LogPlayLevel: Creating play world package: /Game/FirstPersonBP/Maps/UEDPIE_0_FirstPersonExampleMap
[2019.11.21-18.49.31:858][939]LogPlayLevel: PIE: StaticDuplicateObject took: (0.019262s)
[2019.11.21-18.49.31:858][939]LogAIModule: Creating AISystem for world FirstPersonExampleMap
[2019.11.21-18.49.31:858][939]LogPlayLevel: PIE: World Init took: (0.000439s)
[2019.11.21-18.49.31:858][939]LogPlayLevel: PIE: Created PIE world by copying editor world from /Game/FirstPersonBP/Maps/FirstPersonExampleMap.FirstPersonExampleMap to /Game/FirstPersonBP/Maps/UEDPIE_0_FirstPersonExampleMap.FirstPersonExampleMap (0.020007s)
[2019.11.21-18.49.31:877][939]LogUObjectHash: Compacting FUObjectHashTables data took   0.87ms
[2019.11.21-18.49.31:897][939]LogInit: XAudio2 using 'Speakers (Sound Blaster Recon3Di)' : 2 channels at 48 kHz using 32 bits per sample (channel mask 0x3)
[2019.11.21-18.49.31:909][939]LogInit: FAudioDevice initialized.
[2019.11.21-18.49.31:951][939]LogLoad: Game class is 'FirstPersonGameMode_C'
[2019.11.21-18.49.31:955][939]LogWorld: Bringing World /Game/FirstPersonBP/Maps/UEDPIE_0_FirstPersonExampleMap.FirstPersonExampleMap up for play (max tick rate 0) at 2019.11.21-13.49.31
[2019.11.21-18.49.31:955][939]LogWorld: Bringing up level for play took: 0.002284
[2019.11.21-18.49.31:971][939]LogContentBrowser: Native class hierarchy updated for 'MovieSceneCapture' in 0.0003 seconds. Added 20 classes and 0 folders.
[2019.11.21-18.49.31:971][939]PIE: Play in editor start time for /Game/FirstPersonBP/Maps/UEDPIE_0_FirstPersonExampleMap -0.141
[2019.11.21-18.49.31:971][939]LogBlueprintUserMessages: Late PlayInEditor Detection: Level '/Game/FirstPersonBP/Maps/FirstPersonExampleMap.FirstPersonExampleMap:PersistentLevel' has LevelScriptBlueprint '/Game/FirstPersonBP/Maps/FirstPersonExampleMap.FirstPersonExampleMap:PersistentLevel.FirstPersonExampleMap' with GeneratedClass '/Game/FirstPersonBP/Maps/FirstPersonExampleMap.FirstPersonExampleMap_C' with ClassGeneratedBy '/Game/FirstPersonBP/Maps/FirstPersonExampleMap.FirstPersonExampleMap:PersistentLevel.FirstPersonExampleMap'
[2019.11.21-18.49.34:222][204]LogBlueprintUserMessages: Early EndPlayMap Detection: Level '/Game/FirstPersonBP/Maps/FirstPersonExampleMap.FirstPersonExampleMap:PersistentLevel' has LevelScriptBlueprint '/Game/FirstPersonBP/Maps/FirstPersonExampleMap.FirstPersonExampleMap:PersistentLevel.FirstPersonExampleMap' with GeneratedClass '/Game/FirstPersonBP/Maps/FirstPersonExampleMap.FirstPersonExampleMap_C' with ClassGeneratedBy '/Game/FirstPersonBP/Maps/FirstPersonExampleMap.FirstPersonExampleMap:PersistentLevel.FirstPersonExampleMap'
[2019.11.21-18.49.34:223][204]LogSlate: Updating window title bar state: overlay mode, drag disabled, window buttons hidden, title bar hidden
[2019.11.21-18.49.34:257][204]LogPlayLevel: Display: Shutting down PIE online subsystems
[2019.11.21-18.49.34:257][204]LogBlueprintUserMessages: Late EndPlayMap Detection: Level '/Game/FirstPersonBP/Maps/FirstPersonExampleMap.FirstPersonExampleMap:PersistentLevel' has LevelScriptBlueprint '/Game/FirstPersonBP/Maps/FirstPersonExampleMap.FirstPersonExampleMap:PersistentLevel.FirstPersonExampleMap' with GeneratedClass '/Game/FirstPersonBP/Maps/FirstPersonExampleMap.FirstPersonExampleMap_C' with ClassGeneratedBy '/Game/FirstPersonBP/Maps/FirstPersonExampleMap.FirstPersonExampleMap:PersistentLevel.FirstPersonExampleMap'
[2019.11.21-18.49.34:279][204]LogSlate: Updating window title bar state: overlay mode, drag disabled, window buttons hidden, title bar hidden
[2019.11.21-18.49.34:282][204]LogUObjectHash: Compacting FUObjectHashTables data took   1.13ms
[2019.11.21-18.49.34:324][208]LogPlayLevel: Display: Destroying online subsystem :Context_3
[2019.11.21-18.49.37:648][598]LogSlate: FSceneViewport::OnFocusLost() reason 0
[2019.11.21-18.49.38:506][690]LogEditorViewport: Clicking on Actor (LMB): FirstPersonCharacter_C (FirstPersonCharacter)
[2019.11.21-18.49.41:809][  3]LogSlate: FSceneViewport::OnFocusLost() reason 0
[2019.11.21-18.49.41:870][  9]LogTemp: Repeating last play command: Selected Viewport
[2019.11.21-18.49.41:873][  9]LogBlueprintUserMessages: Early PlayInEditor Detection: Level '/Game/FirstPersonBP/Maps/FirstPersonExampleMap.FirstPersonExampleMap:PersistentLevel' has LevelScriptBlueprint '/Game/FirstPersonBP/Maps/FirstPersonExampleMap.FirstPersonExampleMap:PersistentLevel.FirstPersonExampleMap' with GeneratedClass '/Game/FirstPersonBP/Maps/FirstPersonExampleMap.FirstPersonExampleMap_C' with ClassGeneratedBy '/Game/FirstPersonBP/Maps/FirstPersonExampleMap.FirstPersonExampleMap:PersistentLevel.FirstPersonExampleMap'
[2019.11.21-18.49.41:873][  9]LogPlayLevel: PlayLevel: No blueprints needed recompiling
[2019.11.21-18.49.41:874][  9]PIE: New page: PIE session: FirstPersonExampleMap (Nov 21, 2019, 8:49:41 AM)
[2019.11.21-18.49.41:874][  9]LogPlayLevel: Creating play world package: /Game/FirstPersonBP/Maps/UEDPIE_0_FirstPersonExampleMap
[2019.11.21-18.49.41:894][  9]LogPlayLevel: PIE: StaticDuplicateObject took: (0.020319s)
[2019.11.21-18.49.41:894][  9]LogAIModule: Creating AISystem for world FirstPersonExampleMap
[2019.11.21-18.49.41:895][  9]LogPlayLevel: PIE: World Init took: (0.000438s)
[2019.11.21-18.49.41:895][  9]LogPlayLevel: PIE: Created PIE world by copying editor world from /Game/FirstPersonBP/Maps/FirstPersonExampleMap.FirstPersonExampleMap to /Game/FirstPersonBP/Maps/UEDPIE_0_FirstPersonExampleMap.FirstPersonExampleMap (0.020869s)
[2019.11.21-18.49.41:912][  9]LogUObjectHash: Compacting FUObjectHashTables data took   1.42ms
[2019.11.21-18.49.41:924][  9]LogInit: XAudio2 using 'Speakers (Sound Blaster Recon3Di)' : 2 channels at 48 kHz using 32 bits per sample (channel mask 0x3)
[2019.11.21-18.49.41:930][  9]LogInit: FAudioDevice initialized.
[2019.11.21-18.49.41:956][  9]LogLoad: Game class is 'FirstPersonGameMode_C'
[2019.11.21-18.49.41:959][  9]LogWorld: Bringing World /Game/FirstPersonBP/Maps/UEDPIE_0_FirstPersonExampleMap.FirstPersonExampleMap up for play (max tick rate 0) at 2019.11.21-13.49.41
[2019.11.21-18.49.41:959][  9]LogWorld: Bringing up level for play took: 0.001988
[2019.11.21-18.49.41:971][  9]PIE: Play in editor start time for /Game/FirstPersonBP/Maps/UEDPIE_0_FirstPersonExampleMap -0.142
[2019.11.21-18.49.41:971][  9]LogBlueprintUserMessages: Late PlayInEditor Detection: Level '/Game/FirstPersonBP/Maps/FirstPersonExampleMap.FirstPersonExampleMap:PersistentLevel' has LevelScriptBlueprint '/Game/FirstPersonBP/Maps/FirstPersonExampleMap.FirstPersonExampleMap:PersistentLevel.FirstPersonExampleMap' with GeneratedClass '/Game/FirstPersonBP/Maps/FirstPersonExampleMap.FirstPersonExampleMap_C' with ClassGeneratedBy '/Game/FirstPersonBP/Maps/FirstPersonExampleMap.FirstPersonExampleMap:PersistentLevel.FirstPersonExampleMap'
[2019.11.21-18.49.42:957][120]LogBlueprintUserMessages: Early EndPlayMap Detection: Level '/Game/FirstPersonBP/Maps/FirstPersonExampleMap.FirstPersonExampleMap:PersistentLevel' has LevelScriptBlueprint '/Game/FirstPersonBP/Maps/FirstPersonExampleMap.FirstPersonExampleMap:PersistentLevel.FirstPersonExampleMap' with GeneratedClass '/Game/FirstPersonBP/Maps/FirstPersonExampleMap.FirstPersonExampleMap_C' with ClassGeneratedBy '/Game/FirstPersonBP/Maps/FirstPersonExampleMap.FirstPersonExampleMap:PersistentLevel.FirstPersonExampleMap'
[2019.11.21-18.49.42:957][120]LogSlate: Updating window title bar state: overlay mode, drag disabled, window buttons hidden, title bar hidden
[2019.11.21-18.49.42:989][120]LogPlayLevel: Display: Shutting down PIE online subsystems
[2019.11.21-18.49.42:989][120]LogBlueprintUserMessages: Late EndPlayMap Detection: Level '/Game/FirstPersonBP/Maps/FirstPersonExampleMap.FirstPersonExampleMap:PersistentLevel' has LevelScriptBlueprint '/Game/FirstPersonBP/Maps/FirstPersonExampleMap.FirstPersonExampleMap:PersistentLevel.FirstPersonExampleMap' with GeneratedClass '/Game/FirstPersonBP/Maps/FirstPersonExampleMap.FirstPersonExampleMap_C' with ClassGeneratedBy '/Game/FirstPersonBP/Maps/FirstPersonExampleMap.FirstPersonExampleMap:PersistentLevel.FirstPersonExampleMap'
[2019.11.21-18.49.43:011][120]LogSlate: Updating window title bar state: overlay mode, drag disabled, window buttons hidden, title bar hidden
[2019.11.21-18.49.43:015][120]LogUObjectHash: Compacting FUObjectHashTables data took   1.33ms
[2019.11.21-18.49.43:058][125]LogPlayLevel: Display: Destroying online subsystem :Context_4
[2019.11.21-18.49.45:947][459]LogEditorViewport: Clicking on Actor (LMB): FirstPersonCharacter_C (FirstPersonCharacter)
[2019.11.21-18.49.49:137][740]LogSlate: FSceneViewport::OnFocusLost() reason 0
[2019.11.21-18.49.49:197][747]LogTemp: Repeating last play command: Selected Viewport
[2019.11.21-18.49.49:200][747]LogBlueprintUserMessages: Early PlayInEditor Detection: Level '/Game/FirstPersonBP/Maps/FirstPersonExampleMap.FirstPersonExampleMap:PersistentLevel' has LevelScriptBlueprint '/Game/FirstPersonBP/Maps/FirstPersonExampleMap.FirstPersonExampleMap:PersistentLevel.FirstPersonExampleMap' with GeneratedClass '/Game/FirstPersonBP/Maps/FirstPersonExampleMap.FirstPersonExampleMap_C' with ClassGeneratedBy '/Game/FirstPersonBP/Maps/FirstPersonExampleMap.FirstPersonExampleMap:PersistentLevel.FirstPersonExampleMap'
[2019.11.21-18.49.49:200][747]LogPlayLevel: PlayLevel: No blueprints needed recompiling
[2019.11.21-18.49.49:201][747]PIE: New page: PIE session: FirstPersonExampleMap (Nov 21, 2019, 8:49:49 AM)
[2019.11.21-18.49.49:201][747]LogPlayLevel: Creating play world package: /Game/FirstPersonBP/Maps/UEDPIE_0_FirstPersonExampleMap
[2019.11.21-18.49.49:220][747]LogPlayLevel: PIE: StaticDuplicateObject took: (0.019727s)
[2019.11.21-18.49.49:221][747]LogAIModule: Creating AISystem for world FirstPersonExampleMap
[2019.11.21-18.49.49:221][747]LogPlayLevel: PIE: World Init took: (0.000417s)
[2019.11.21-18.49.49:221][747]LogPlayLevel: PIE: Created PIE world by copying editor world from /Game/FirstPersonBP/Maps/FirstPersonExampleMap.FirstPersonExampleMap to /Game/FirstPersonBP/Maps/UEDPIE_0_FirstPersonExampleMap.FirstPersonExampleMap (0.020257s)
[2019.11.21-18.49.49:241][747]LogUObjectHash: Compacting FUObjectHashTables data took   1.21ms
[2019.11.21-18.49.49:251][747]LogInit: XAudio2 using 'Speakers (Sound Blaster Recon3Di)' : 2 channels at 48 kHz using 32 bits per sample (channel mask 0x3)
[2019.11.21-18.49.49:258][747]LogInit: FAudioDevice initialized.
[2019.11.21-18.49.49:285][747]LogLoad: Game class is 'FirstPersonGameMode_C'
[2019.11.21-18.49.49:288][747]LogWorld: Bringing World /Game/FirstPersonBP/Maps/UEDPIE_0_FirstPersonExampleMap.FirstPersonExampleMap up for play (max tick rate 0) at 2019.11.21-13.49.49
[2019.11.21-18.49.49:288][747]LogWorld: Bringing up level for play took: 0.001968
[2019.11.21-18.49.49:301][747]PIE: Play in editor start time for /Game/FirstPersonBP/Maps/UEDPIE_0_FirstPersonExampleMap -0.812
[2019.11.21-18.49.49:301][747]LogBlueprintUserMessages: Late PlayInEditor Detection: Level '/Game/FirstPersonBP/Maps/FirstPersonExampleMap.FirstPersonExampleMap:PersistentLevel' has LevelScriptBlueprint '/Game/FirstPersonBP/Maps/FirstPersonExampleMap.FirstPersonExampleMap:PersistentLevel.FirstPersonExampleMap' with GeneratedClass '/Game/FirstPersonBP/Maps/FirstPersonExampleMap.FirstPersonExampleMap_C' with ClassGeneratedBy '/Game/FirstPersonBP/Maps/FirstPersonExampleMap.FirstPersonExampleMap:PersistentLevel.FirstPersonExampleMap'
[2019.11.21-18.49.50:166][844]LogBlueprintUserMessages: Early EndPlayMap Detection: Level '/Game/FirstPersonBP/Maps/FirstPersonExampleMap.FirstPersonExampleMap:PersistentLevel' has LevelScriptBlueprint '/Game/FirstPersonBP/Maps/FirstPersonExampleMap.FirstPersonExampleMap:PersistentLevel.FirstPersonExampleMap' with GeneratedClass '/Game/FirstPersonBP/Maps/FirstPersonExampleMap.FirstPersonExampleMap_C' with ClassGeneratedBy '/Game/FirstPersonBP/Maps/FirstPersonExampleMap.FirstPersonExampleMap:PersistentLevel.FirstPersonExampleMap'
[2019.11.21-18.49.50:166][844]LogSlate: Updating window title bar state: overlay mode, drag disabled, window buttons hidden, title bar hidden
[2019.11.21-18.49.50:195][844]LogPlayLevel: Display: Shutting down PIE online subsystems
[2019.11.21-18.49.50:195][844]LogBlueprintUserMessages: Late EndPlayMap Detection: Level '/Game/FirstPersonBP/Maps/FirstPersonExampleMap.FirstPersonExampleMap:PersistentLevel' has LevelScriptBlueprint '/Game/FirstPersonBP/Maps/FirstPersonExampleMap.FirstPersonExampleMap:PersistentLevel.FirstPersonExampleMap' with GeneratedClass '/Game/FirstPersonBP/Maps/FirstPersonExampleMap.FirstPersonExampleMap_C' with ClassGeneratedBy '/Game/FirstPersonBP/Maps/FirstPersonExampleMap.FirstPersonExampleMap:PersistentLevel.FirstPersonExampleMap'
[2019.11.21-18.49.50:217][844]LogSlate: Updating window title bar state: overlay mode, drag disabled, window buttons hidden, title bar hidden
[2019.11.21-18.49.50:220][844]LogUObjectHash: Compacting FUObjectHashTables data took   1.34ms
[2019.11.21-18.49.50:270][850]LogPlayLevel: Display: Destroying online subsystem :Context_5
[2019.11.21-18.49.53:084][186]LogSlate: FSceneViewport::OnFocusLost() reason 2
[2019.11.21-18.49.53:110][186]LogUObjectHash: Compacting FUObjectHashTables data took   0.50ms
[2019.11.21-18.49.53:346][186]LogSavePackage: Moving 'C:/Users/Ema/Documents/GitHub/DAGD300_RuinsSkyFortress/RuinsSkyFortress/Saved/FirstPersonExampleMap478F92724DBA4B189CE638A25D7FCB8E.tmp' to 'C:/Users/Ema/Documents/GitHub/DAGD300_RuinsSkyFortress/RuinsSkyFortress/Content/FirstPersonBP/Maps/FirstPersonExampleMap.umap'
[2019.11.21-18.49.54:323][186]LogSavePackage: Moving 'C:/Users/Ema/Documents/GitHub/DAGD300_RuinsSkyFortress/RuinsSkyFortress/Saved/FirstPersonExampleMap_BuiltData62EB21D34B15EF59087911B75D56E419.tmp' to 'C:/Users/Ema/Documents/GitHub/DAGD300_RuinsSkyFortress/RuinsSkyFortress/Content/FirstPersonBP/Maps/FirstPersonExampleMap_BuiltData.uasset'
